#! /opt/homebrew/Cellar/icarus-verilog/11.0/bin/vvp
:ivl_version "11.0 (stable)";
:ivl_delay_selection "TYPICAL";
:vpi_time_precision + 0;
:vpi_module "/opt/homebrew/Cellar/icarus-verilog/11.0/lib/ivl/system.vpi";
:vpi_module "/opt/homebrew/Cellar/icarus-verilog/11.0/lib/ivl/vhdl_sys.vpi";
:vpi_module "/opt/homebrew/Cellar/icarus-verilog/11.0/lib/ivl/vhdl_textio.vpi";
:vpi_module "/opt/homebrew/Cellar/icarus-verilog/11.0/lib/ivl/v2005_math.vpi";
:vpi_module "/opt/homebrew/Cellar/icarus-verilog/11.0/lib/ivl/va_math.vpi";
S_0x13f704080 .scope module, "swap" "swap" 2 1;
 .timescale 0 0;
    .port_info 0 /OUTPUT 1 "clk";
    .port_info 1 /OUTPUT 2 "A";
    .port_info 2 /OUTPUT 2 "B";
v0x13f7042c0_0 .var "A", 1 0;
v0x13f714380_0 .var "B", 1 0;
v0x13f714430_0 .var "clk", 0 0;
E_0x13f704270 .event posedge, v0x13f714430_0;
    .scope S_0x13f704080;
T_0 ;
    %pushi/vec4 0, 0, 2;
    %store/vec4 v0x13f7042c0_0, 0, 2;
    %pushi/vec4 1, 0, 2;
    %store/vec4 v0x13f714380_0, 0, 2;
    %pushi/vec4 0, 0, 1;
    %store/vec4 v0x13f714430_0, 0, 1;
    %end;
    .thread T_0;
    .scope S_0x13f704080;
T_1 ;
    %delay 5, 0;
    %load/vec4 v0x13f714430_0;
    %inv;
    %store/vec4 v0x13f714430_0, 0, 1;
    %jmp T_1;
    .thread T_1;
    .scope S_0x13f704080;
T_2 ;
    %wait E_0x13f704270;
    %load/vec4 v0x13f7042c0_0;
    %assign/vec4 v0x13f714380_0, 0;
    %load/vec4 v0x13f714380_0;
    %assign/vec4 v0x13f7042c0_0, 0;
    %jmp T_2;
    .thread T_2;
    .scope S_0x13f704080;
T_3 ;
    %vpi_call 2 18 "$dumpfile", "swap.vcd" {0 0 0};
    %vpi_call 2 19 "$dumpvars", 32'sb00000000000000000000000000000000, S_0x13f704080 {0 0 0};
    %vpi_call 2 20 "$display", "clk | A | B |" {0 0 0};
    %vpi_call 2 21 "$monitor", "%b | %b | %b |", v0x13f714430_0, v0x13f7042c0_0, v0x13f714380_0 {0 0 0};
    %delay 50, 0;
    %vpi_call 2 22 "$finish" {0 0 0};
    %end;
    .thread T_3;
# The file index is used to find the file name in the following table.
:file_names 3;
    "N/A";
    "<interactive>";
    "q1.v";
