#! /opt/homebrew/Cellar/icarus-verilog/11.0/bin/vvp
:ivl_version "11.0 (stable)";
:ivl_delay_selection "TYPICAL";
:vpi_time_precision + 0;
:vpi_module "/opt/homebrew/Cellar/icarus-verilog/11.0/lib/ivl/system.vpi";
:vpi_module "/opt/homebrew/Cellar/icarus-verilog/11.0/lib/ivl/vhdl_sys.vpi";
:vpi_module "/opt/homebrew/Cellar/icarus-verilog/11.0/lib/ivl/vhdl_textio.vpi";
:vpi_module "/opt/homebrew/Cellar/icarus-verilog/11.0/lib/ivl/v2005_math.vpi";
:vpi_module "/opt/homebrew/Cellar/icarus-verilog/11.0/lib/ivl/va_math.vpi";
S_0x145706740 .scope module, "d_latch_tb" "d_latch_tb" 2 11;
 .timescale 0 0;
v0x14571cef0_0 .var "d", 0 0;
v0x14571cf90_0 .var "enable", 0 0;
v0x14571d040_0 .var/i "i", 31 0;
v0x14571d0f0_0 .net "q", 0 0, v0x14571cd40_0;  1 drivers
v0x14571d1a0_0 .var "reset", 0 0;
v0x14571d270_0 .var "t1", 1 0;
v0x14571d300_0 .var "t2", 1 0;
S_0x145705360 .scope module, "d1" "d_latch" 2 18, 2 1 0, S_0x145706740;
 .timescale 0 0;
    .port_info 0 /INPUT 1 "d";
    .port_info 1 /INPUT 1 "enable";
    .port_info 2 /INPUT 1 "reset";
    .port_info 3 /OUTPUT 1 "q";
v0x1457054d0_0 .net "d", 0 0, v0x14571cef0_0;  1 drivers
v0x14571cca0_0 .net "enable", 0 0, v0x14571cf90_0;  1 drivers
v0x14571cd40_0 .var "q", 0 0;
v0x14571cdf0_0 .net "reset", 0 0, v0x14571d1a0_0;  1 drivers
E_0x145707760 .event edge, v0x1457054d0_0, v0x14571cdf0_0, v0x14571cca0_0;
    .scope S_0x145705360;
T_0 ;
    %wait E_0x145707760;
    %load/vec4 v0x14571cdf0_0;
    %nor/r;
    %flag_set/vec4 8;
    %jmp/0xz  T_0.0, 8;
    %pushi/vec4 0, 0, 1;
    %assign/vec4 v0x14571cd40_0, 0;
    %jmp T_0.1;
T_0.0 ;
    %load/vec4 v0x14571cca0_0;
    %flag_set/vec4 8;
    %jmp/0xz  T_0.2, 8;
    %load/vec4 v0x1457054d0_0;
    %assign/vec4 v0x14571cd40_0, 0;
T_0.2 ;
T_0.1 ;
    %jmp T_0;
    .thread T_0, $push;
    .scope S_0x145706740;
T_1 ;
    %vpi_call 2 20 "$dumpfile", "d_latch.vcd" {0 0 0};
    %vpi_call 2 21 "$dumpvars", 32'sb00000000000000000000000000000000, S_0x145706740 {0 0 0};
    %pushi/vec4 0, 0, 1;
    %assign/vec4 v0x14571cef0_0, 0;
    %pushi/vec4 0, 0, 1;
    %assign/vec4 v0x14571cf90_0, 0;
    %pushi/vec4 0, 0, 1;
    %assign/vec4 v0x14571d1a0_0, 0;
    %delay 5, 0;
    %pushi/vec4 1, 0, 1;
    %assign/vec4 v0x14571d1a0_0, 0;
    %pushi/vec4 0, 0, 32;
    %store/vec4 v0x14571d040_0, 0, 32;
T_1.0 ;
    %load/vec4 v0x14571d040_0;
    %cmpi/s 10, 0, 32;
    %jmp/0xz T_1.1, 5;
    %vpi_func 2 25 "$random" 32 {0 0 0};
    %pad/s 2;
    %store/vec4 v0x14571d270_0, 0, 2;
    %vpi_func 2 26 "$random" 32 {0 0 0};
    %pad/s 2;
    %store/vec4 v0x14571d300_0, 0, 2;
    %load/vec4 v0x14571d270_0;
    %pad/u 64;
    %muli 1, 0, 64;
    %ix/vec4 4;
    %delayx 4;
    %load/vec4 v0x14571cf90_0;
    %inv;
    %assign/vec4 v0x14571cf90_0, 0;
    %load/vec4 v0x14571d300_0;
    %pad/u 64;
    %muli 1, 0, 64;
    %ix/vec4 4;
    %delayx 4;
    %load/vec4 v0x14571d040_0;
    %pad/s 1;
    %assign/vec4 v0x14571cef0_0, 0;
    %load/vec4 v0x14571d040_0;
    %addi 1, 0, 32;
    %store/vec4 v0x14571d040_0, 0, 32;
    %jmp T_1.0;
T_1.1 ;
    %end;
    .thread T_1;
# The file index is used to find the file name in the following table.
:file_names 3;
    "N/A";
    "<interactive>";
    "q2_d_latch.v";
