#! /opt/homebrew/Cellar/icarus-verilog/11.0/bin/vvp
:ivl_version "11.0 (stable)";
:ivl_delay_selection "TYPICAL";
:vpi_time_precision - 9;
:vpi_module "/opt/homebrew/Cellar/icarus-verilog/11.0/lib/ivl/system.vpi";
:vpi_module "/opt/homebrew/Cellar/icarus-verilog/11.0/lib/ivl/vhdl_sys.vpi";
:vpi_module "/opt/homebrew/Cellar/icarus-verilog/11.0/lib/ivl/vhdl_textio.vpi";
:vpi_module "/opt/homebrew/Cellar/icarus-verilog/11.0/lib/ivl/v2005_math.vpi";
:vpi_module "/opt/homebrew/Cellar/icarus-verilog/11.0/lib/ivl/va_math.vpi";
S_0x124904330 .scope module, "tb_d_flip_flop" "tb_d_flip_flop" 2 12;
 .timescale -9 -9;
v0x124916550_0 .var "clk", 0 0;
v0x1249165f0_0 .var "d", 0 0;
v0x1249166a0_0 .net "q", 0 0, v0x124916450_0;  1 drivers
S_0x1249062d0 .scope module, "uut" "d_flip_flop" 2 15, 2 2 0, S_0x124904330;
 .timescale -9 -9;
    .port_info 0 /INPUT 1 "d";
    .port_info 1 /INPUT 1 "clk";
    .port_info 2 /OUTPUT 1 "q";
v0x1249044a0_0 .net "clk", 0 0, v0x124916550_0;  1 drivers
v0x1249163b0_0 .net "d", 0 0, v0x1249165f0_0;  1 drivers
v0x124916450_0 .var "q", 0 0;
E_0x124906110 .event posedge, v0x1249044a0_0;
    .scope S_0x1249062d0;
T_0 ;
    %wait E_0x124906110;
    %load/vec4 v0x1249163b0_0;
    %assign/vec4 v0x124916450_0, 0;
    %jmp T_0;
    .thread T_0;
    .scope S_0x124904330;
T_1 ;
    %pushi/vec4 0, 0, 1;
    %store/vec4 v0x124916550_0, 0, 1;
T_1.0 ;
    %delay 3, 0;
    %load/vec4 v0x124916550_0;
    %inv;
    %store/vec4 v0x124916550_0, 0, 1;
    %jmp T_1.0;
    %end;
    .thread T_1;
    .scope S_0x124904330;
T_2 ;
    %pushi/vec4 0, 0, 1;
    %store/vec4 v0x1249165f0_0, 0, 1;
    %delay 5, 0;
    %pushi/vec4 1, 0, 1;
    %store/vec4 v0x1249165f0_0, 0, 1;
    %delay 5, 0;
    %pushi/vec4 0, 0, 1;
    %store/vec4 v0x1249165f0_0, 0, 1;
    %delay 5, 0;
    %pushi/vec4 1, 0, 1;
    %store/vec4 v0x1249165f0_0, 0, 1;
    %delay 5, 0;
    %pushi/vec4 0, 0, 1;
    %store/vec4 v0x1249165f0_0, 0, 1;
    %delay 15, 0;
    %vpi_call 2 26 "$finish" {0 0 0};
    %end;
    .thread T_2;
    .scope S_0x124904330;
T_3 ;
    %vpi_call 2 29 "$dumpfile", "tb_d_flip_flop.vcd" {0 0 0};
    %vpi_call 2 30 "$dumpvars", 32'sb00000000000000000000000000000000, S_0x124904330 {0 0 0};
    %end;
    .thread T_3;
# The file index is used to find the file name in the following table.
:file_names 3;
    "N/A";
    "<interactive>";
    "q2_d_flipflop.v";
