#! /opt/homebrew/Cellar/icarus-verilog/11.0/bin/vvp
:ivl_version "11.0 (stable)";
:ivl_delay_selection "TYPICAL";
:vpi_time_precision + 0;
:vpi_module "/opt/homebrew/Cellar/icarus-verilog/11.0/lib/ivl/system.vpi";
:vpi_module "/opt/homebrew/Cellar/icarus-verilog/11.0/lib/ivl/vhdl_sys.vpi";
:vpi_module "/opt/homebrew/Cellar/icarus-verilog/11.0/lib/ivl/vhdl_textio.vpi";
:vpi_module "/opt/homebrew/Cellar/icarus-verilog/11.0/lib/ivl/v2005_math.vpi";
:vpi_module "/opt/homebrew/Cellar/icarus-verilog/11.0/lib/ivl/va_math.vpi";
S_0x141006b20 .scope module, "tb_d_flip_flop" "tb_d_flip_flop" 2 12;
 .timescale 0 0;
v0x14101bdc0_0 .var "clk", 0 0;
v0x14101be60_0 .var "d", 0 0;
v0x14101bf10_0 .net "q", 0 0, v0x14101bc10_0;  1 drivers
v0x14101bfe0_0 .var "rst_n", 0 0;
S_0x141005770 .scope module, "uut" "d_flip_flop_3a" 2 15, 2 1 0, S_0x141006b20;
 .timescale 0 0;
    .port_info 0 /INPUT 1 "clk";
    .port_info 1 /INPUT 1 "reset";
    .port_info 2 /INPUT 1 "d";
    .port_info 3 /OUTPUT 1 "q";
v0x1410058e0_0 .net "clk", 0 0, v0x14101bdc0_0;  1 drivers
v0x14101bb70_0 .net "d", 0 0, v0x14101be60_0;  1 drivers
v0x14101bc10_0 .var "q", 0 0;
v0x14101bcc0_0 .net "reset", 0 0, v0x14101bfe0_0;  1 drivers
E_0x1410073c0 .event posedge, v0x1410058e0_0;
    .scope S_0x141005770;
T_0 ;
    %wait E_0x1410073c0;
    %load/vec4 v0x14101bcc0_0;
    %nor/r;
    %flag_set/vec4 8;
    %jmp/0xz  T_0.0, 8;
    %pushi/vec4 0, 0, 1;
    %assign/vec4 v0x14101bc10_0, 0;
    %jmp T_0.1;
T_0.0 ;
    %load/vec4 v0x14101bb70_0;
    %assign/vec4 v0x14101bc10_0, 0;
T_0.1 ;
    %jmp T_0;
    .thread T_0;
    .scope S_0x141006b20;
T_1 ;
    %pushi/vec4 0, 0, 1;
    %store/vec4 v0x14101bdc0_0, 0, 1;
T_1.0 ;
    %delay 5, 0;
    %load/vec4 v0x14101bdc0_0;
    %inv;
    %store/vec4 v0x14101bdc0_0, 0, 1;
    %jmp T_1.0;
    %end;
    .thread T_1;
    .scope S_0x141006b20;
T_2 ;
    %pushi/vec4 1, 0, 1;
    %store/vec4 v0x14101bfe0_0, 0, 1;
    %pushi/vec4 0, 0, 1;
    %store/vec4 v0x14101be60_0, 0, 1;
    %delay 10, 0;
    %pushi/vec4 0, 0, 1;
    %store/vec4 v0x14101bfe0_0, 0, 1;
    %delay 10, 0;
    %pushi/vec4 1, 0, 1;
    %store/vec4 v0x14101bfe0_0, 0, 1;
    %delay 10, 0;
    %pushi/vec4 1, 0, 1;
    %store/vec4 v0x14101be60_0, 0, 1;
    %delay 10, 0;
    %pushi/vec4 0, 0, 1;
    %store/vec4 v0x14101be60_0, 0, 1;
    %delay 10, 0;
    %pushi/vec4 1, 0, 1;
    %store/vec4 v0x14101be60_0, 0, 1;
    %delay 10, 0;
    %pushi/vec4 0, 0, 1;
    %store/vec4 v0x14101be60_0, 0, 1;
    %delay 10, 0;
    %vpi_call 2 29 "$finish" {0 0 0};
    %end;
    .thread T_2;
    .scope S_0x141006b20;
T_3 ;
    %vpi_call 2 32 "$dumpfile", "tb_d_flip_flop.vcd" {0 0 0};
    %vpi_call 2 33 "$dumpvars", 32'sb00000000000000000000000000000000, S_0x141006b20 {0 0 0};
    %end;
    .thread T_3;
# The file index is used to find the file name in the following table.
:file_names 3;
    "N/A";
    "<interactive>";
    "q3_a.v";
