#! /opt/homebrew/Cellar/icarus-verilog/11.0/bin/vvp
:ivl_version "11.0 (stable)";
:ivl_delay_selection "TYPICAL";
:vpi_time_precision - 9;
:vpi_module "/opt/homebrew/Cellar/icarus-verilog/11.0/lib/ivl/system.vpi";
:vpi_module "/opt/homebrew/Cellar/icarus-verilog/11.0/lib/ivl/vhdl_sys.vpi";
:vpi_module "/opt/homebrew/Cellar/icarus-verilog/11.0/lib/ivl/vhdl_textio.vpi";
:vpi_module "/opt/homebrew/Cellar/icarus-verilog/11.0/lib/ivl/v2005_math.vpi";
:vpi_module "/opt/homebrew/Cellar/icarus-verilog/11.0/lib/ivl/va_math.vpi";
S_0x126f05eb0 .scope module, "tb_d_flip_flop_3b" "tb_d_flip_flop_3b" 2 14;
 .timescale -9 -9;
v0x126f1c840_0 .var "clk", 0 0;
v0x126f1c8f0_0 .var "d", 0 0;
v0x126f1c980_0 .var "preset", 0 0;
v0x126f1ca30_0 .net "q", 0 0, v0x126f1c640_0;  1 drivers
v0x126f1cae0_0 .var "reset", 0 0;
S_0x126f04590 .scope module, "uut" "d_flip_flop_3b" 2 17, 2 1 0, S_0x126f05eb0;
 .timescale 0 0;
    .port_info 0 /INPUT 1 "clk";
    .port_info 1 /INPUT 1 "reset";
    .port_info 2 /INPUT 1 "preset";
    .port_info 3 /INPUT 1 "d";
    .port_info 4 /OUTPUT 1 "q";
v0x126f04700_0 .net "clk", 0 0, v0x126f1c840_0;  1 drivers
v0x126f1c4f0_0 .net "d", 0 0, v0x126f1c8f0_0;  1 drivers
v0x126f1c590_0 .net "preset", 0 0, v0x126f1c980_0;  1 drivers
v0x126f1c640_0 .var "q", 0 0;
v0x126f1c6e0_0 .net "reset", 0 0, v0x126f1cae0_0;  1 drivers
E_0x126f04c80/0 .event negedge, v0x126f1c590_0, v0x126f1c6e0_0;
E_0x126f04c80/1 .event posedge, v0x126f04700_0;
E_0x126f04c80 .event/or E_0x126f04c80/0, E_0x126f04c80/1;
    .scope S_0x126f04590;
T_0 ;
    %wait E_0x126f04c80;
    %load/vec4 v0x126f1c6e0_0;
    %nor/r;
    %flag_set/vec4 8;
    %jmp/0xz  T_0.0, 8;
    %pushi/vec4 0, 0, 1;
    %assign/vec4 v0x126f1c640_0, 0;
    %jmp T_0.1;
T_0.0 ;
    %load/vec4 v0x126f1c590_0;
    %nor/r;
    %flag_set/vec4 8;
    %jmp/0xz  T_0.2, 8;
    %pushi/vec4 1, 0, 1;
    %assign/vec4 v0x126f1c640_0, 0;
    %jmp T_0.3;
T_0.2 ;
    %load/vec4 v0x126f1c4f0_0;
    %assign/vec4 v0x126f1c640_0, 0;
T_0.3 ;
T_0.1 ;
    %jmp T_0;
    .thread T_0;
    .scope S_0x126f05eb0;
T_1 ;
    %pushi/vec4 0, 0, 1;
    %store/vec4 v0x126f1c840_0, 0, 1;
T_1.0 ;
    %delay 5, 0;
    %load/vec4 v0x126f1c840_0;
    %inv;
    %store/vec4 v0x126f1c840_0, 0, 1;
    %jmp T_1.0;
    %end;
    .thread T_1;
    .scope S_0x126f05eb0;
T_2 ;
    %pushi/vec4 0, 0, 1;
    %store/vec4 v0x126f1cae0_0, 0, 1;
    %pushi/vec4 0, 0, 1;
    %store/vec4 v0x126f1c980_0, 0, 1;
    %pushi/vec4 0, 0, 1;
    %store/vec4 v0x126f1c8f0_0, 0, 1;
    %delay 10, 0;
    %pushi/vec4 1, 0, 1;
    %store/vec4 v0x126f1cae0_0, 0, 1;
    %pushi/vec4 1, 0, 1;
    %store/vec4 v0x126f1c8f0_0, 0, 1;
    %delay 10, 0;
    %pushi/vec4 0, 0, 1;
    %store/vec4 v0x126f1c8f0_0, 0, 1;
    %pushi/vec4 0, 0, 1;
    %store/vec4 v0x126f1c8f0_0, 0, 1;
    %delay 10, 0;
    %pushi/vec4 1, 0, 1;
    %store/vec4 v0x126f1c8f0_0, 0, 1;
    %pushi/vec4 0, 0, 1;
    %store/vec4 v0x126f1c980_0, 0, 1;
    %delay 10, 0;
    %pushi/vec4 1, 0, 1;
    %store/vec4 v0x126f1c980_0, 0, 1;
    %pushi/vec4 0, 0, 1;
    %store/vec4 v0x126f1cae0_0, 0, 1;
    %pushi/vec4 1, 0, 1;
    %store/vec4 v0x126f1c8f0_0, 0, 1;
    %delay 10, 0;
    %pushi/vec4 0, 0, 1;
    %store/vec4 v0x126f1c8f0_0, 0, 1;
    %delay 10, 0;
    %pushi/vec4 1, 0, 1;
    %store/vec4 v0x126f1cae0_0, 0, 1;
    %delay 10, 0;
    %vpi_call 2 37 "$finish" {0 0 0};
    %end;
    .thread T_2;
    .scope S_0x126f05eb0;
T_3 ;
    %vpi_call 2 40 "$dumpfile", "tb_d_flip_flop_3b.vcd" {0 0 0};
    %vpi_call 2 41 "$dumpvars", 32'sb00000000000000000000000000000000, S_0x126f05eb0 {0 0 0};
    %end;
    .thread T_3;
# The file index is used to find the file name in the following table.
:file_names 3;
    "N/A";
    "<interactive>";
    "q3_b.v";
