#! /opt/homebrew/Cellar/icarus-verilog/11.0/bin/vvp
:ivl_version "11.0 (stable)";
:ivl_delay_selection "TYPICAL";
:vpi_time_precision + 0;
:vpi_module "/opt/homebrew/Cellar/icarus-verilog/11.0/lib/ivl/system.vpi";
:vpi_module "/opt/homebrew/Cellar/icarus-verilog/11.0/lib/ivl/vhdl_sys.vpi";
:vpi_module "/opt/homebrew/Cellar/icarus-verilog/11.0/lib/ivl/vhdl_textio.vpi";
:vpi_module "/opt/homebrew/Cellar/icarus-verilog/11.0/lib/ivl/v2005_math.vpi";
:vpi_module "/opt/homebrew/Cellar/icarus-verilog/11.0/lib/ivl/va_math.vpi";
S_0x15bf05780 .scope module, "full_adder_tb" "full_adder_tb" 2 46;
 .timescale 0 0;
v0x15bf21620_0 .var "a", 0 0;
v0x15bf216d0_0 .var "b", 0 0;
v0x15bf21760_0 .var "cin", 0 0;
v0x15bf21810_0 .net "cout", 0 0, v0x15bf21420_0;  1 drivers
v0x15bf218c0_0 .net "sum", 0 0, v0x15bf214c0_0;  1 drivers
S_0x15bf07080 .scope module, "uut" "full_beh" 2 50, 3 27 0, S_0x15bf05780;
 .timescale 0 0;
    .port_info 0 /OUTPUT 1 "sum";
    .port_info 1 /OUTPUT 1 "cout";
    .port_info 2 /INPUT 1 "a";
    .port_info 3 /INPUT 1 "b";
    .port_info 4 /INPUT 1 "cin";
v0x15bf07270_0 .net "a", 0 0, v0x15bf21620_0;  1 drivers
v0x15bf212d0_0 .net "b", 0 0, v0x15bf216d0_0;  1 drivers
v0x15bf21370_0 .net "cin", 0 0, v0x15bf21760_0;  1 drivers
v0x15bf21420_0 .var "cout", 0 0;
v0x15bf214c0_0 .var "sum", 0 0;
E_0x15bf07ce0 .event edge, v0x15bf21370_0, v0x15bf212d0_0, v0x15bf07270_0;
    .scope S_0x15bf07080;
T_0 ;
    %wait E_0x15bf07ce0;
    %load/vec4 v0x15bf07270_0;
    %load/vec4 v0x15bf212d0_0;
    %xor;
    %load/vec4 v0x15bf21370_0;
    %xor;
    %store/vec4 v0x15bf214c0_0, 0, 1;
    %load/vec4 v0x15bf07270_0;
    %load/vec4 v0x15bf212d0_0;
    %and;
    %load/vec4 v0x15bf212d0_0;
    %load/vec4 v0x15bf21370_0;
    %and;
    %or;
    %load/vec4 v0x15bf07270_0;
    %load/vec4 v0x15bf21370_0;
    %and;
    %or;
    %store/vec4 v0x15bf21420_0, 0, 1;
    %jmp T_0;
    .thread T_0, $push;
    .scope S_0x15bf05780;
T_1 ;
    %vpi_call 2 59 "$dumpfile", "full_adder_tb.vcd" {0 0 0};
    %vpi_call 2 60 "$dumpvars", 32'sb00000000000000000000000000000000, S_0x15bf05780 {0 0 0};
    %delay 10, 0;
    %pushi/vec4 0, 0, 1;
    %store/vec4 v0x15bf21620_0, 0, 1;
    %pushi/vec4 0, 0, 1;
    %store/vec4 v0x15bf216d0_0, 0, 1;
    %pushi/vec4 0, 0, 1;
    %store/vec4 v0x15bf21760_0, 0, 1;
    %delay 10, 0;
    %vpi_call 2 64 "$display", "Input: a=%b, b=%b, cin=%b, sum=%b, cout=%b", v0x15bf21620_0, v0x15bf216d0_0, v0x15bf21760_0, v0x15bf218c0_0, v0x15bf21810_0 {0 0 0};
    %pushi/vec4 0, 0, 1;
    %store/vec4 v0x15bf21620_0, 0, 1;
    %pushi/vec4 0, 0, 1;
    %store/vec4 v0x15bf216d0_0, 0, 1;
    %pushi/vec4 1, 0, 1;
    %store/vec4 v0x15bf21760_0, 0, 1;
    %delay 10, 0;
    %vpi_call 2 66 "$display", "Input: a=%b, b=%b, cin=%b, sum=%b, cout=%b", v0x15bf21620_0, v0x15bf216d0_0, v0x15bf21760_0, v0x15bf218c0_0, v0x15bf21810_0 {0 0 0};
    %pushi/vec4 0, 0, 1;
    %store/vec4 v0x15bf21620_0, 0, 1;
    %pushi/vec4 1, 0, 1;
    %store/vec4 v0x15bf216d0_0, 0, 1;
    %pushi/vec4 0, 0, 1;
    %store/vec4 v0x15bf21760_0, 0, 1;
    %delay 10, 0;
    %vpi_call 2 68 "$display", "Input: a=%b, b=%b, cin=%b, sum=%b, cout=%b", v0x15bf21620_0, v0x15bf216d0_0, v0x15bf21760_0, v0x15bf218c0_0, v0x15bf21810_0 {0 0 0};
    %pushi/vec4 0, 0, 1;
    %store/vec4 v0x15bf21620_0, 0, 1;
    %pushi/vec4 1, 0, 1;
    %store/vec4 v0x15bf216d0_0, 0, 1;
    %pushi/vec4 1, 0, 1;
    %store/vec4 v0x15bf21760_0, 0, 1;
    %delay 10, 0;
    %vpi_call 2 70 "$display", "Input: a=%b, b=%b, cin=%b, sum=%b, cout=%b", v0x15bf21620_0, v0x15bf216d0_0, v0x15bf21760_0, v0x15bf218c0_0, v0x15bf21810_0 {0 0 0};
    %pushi/vec4 1, 0, 1;
    %store/vec4 v0x15bf21620_0, 0, 1;
    %pushi/vec4 0, 0, 1;
    %store/vec4 v0x15bf216d0_0, 0, 1;
    %pushi/vec4 0, 0, 1;
    %store/vec4 v0x15bf21760_0, 0, 1;
    %delay 10, 0;
    %vpi_call 2 72 "$display", "Input: a=%b, b=%b, cin=%b, sum=%b, cout=%b", v0x15bf21620_0, v0x15bf216d0_0, v0x15bf21760_0, v0x15bf218c0_0, v0x15bf21810_0 {0 0 0};
    %pushi/vec4 1, 0, 1;
    %store/vec4 v0x15bf21620_0, 0, 1;
    %pushi/vec4 0, 0, 1;
    %store/vec4 v0x15bf216d0_0, 0, 1;
    %pushi/vec4 1, 0, 1;
    %store/vec4 v0x15bf21760_0, 0, 1;
    %delay 10, 0;
    %vpi_call 2 74 "$display", "Input: a=%b, b=%b, cin=%b, sum=%b, cout=%b", v0x15bf21620_0, v0x15bf216d0_0, v0x15bf21760_0, v0x15bf218c0_0, v0x15bf21810_0 {0 0 0};
    %pushi/vec4 1, 0, 1;
    %store/vec4 v0x15bf21620_0, 0, 1;
    %pushi/vec4 1, 0, 1;
    %store/vec4 v0x15bf216d0_0, 0, 1;
    %pushi/vec4 0, 0, 1;
    %store/vec4 v0x15bf21760_0, 0, 1;
    %delay 10, 0;
    %vpi_call 2 76 "$display", "Input: a=%b, b=%b, cin=%b, sum=%b, cout=%b", v0x15bf21620_0, v0x15bf216d0_0, v0x15bf21760_0, v0x15bf218c0_0, v0x15bf21810_0 {0 0 0};
    %pushi/vec4 1, 0, 1;
    %store/vec4 v0x15bf21620_0, 0, 1;
    %pushi/vec4 1, 0, 1;
    %store/vec4 v0x15bf216d0_0, 0, 1;
    %pushi/vec4 1, 0, 1;
    %store/vec4 v0x15bf21760_0, 0, 1;
    %delay 10, 0;
    %vpi_call 2 78 "$display", "Input: a=%b, b=%b, cin=%b, sum=%b, cout=%b", v0x15bf21620_0, v0x15bf216d0_0, v0x15bf21760_0, v0x15bf218c0_0, v0x15bf21810_0 {0 0 0};
    %vpi_call 2 80 "$finish" {0 0 0};
    %end;
    .thread T_1;
# The file index is used to find the file name in the following table.
:file_names 4;
    "N/A";
    "<interactive>";
    "lab1_fulladder_tb.v";
    "./lab1_fulladder.v";
