#! /opt/homebrew/Cellar/icarus-verilog/11.0/bin/vvp
:ivl_version "11.0 (stable)";
:ivl_delay_selection "TYPICAL";
:vpi_time_precision + 0;
:vpi_module "/opt/homebrew/Cellar/icarus-verilog/11.0/lib/ivl/system.vpi";
:vpi_module "/opt/homebrew/Cellar/icarus-verilog/11.0/lib/ivl/vhdl_sys.vpi";
:vpi_module "/opt/homebrew/Cellar/icarus-verilog/11.0/lib/ivl/vhdl_textio.vpi";
:vpi_module "/opt/homebrew/Cellar/icarus-verilog/11.0/lib/ivl/v2005_math.vpi";
:vpi_module "/opt/homebrew/Cellar/icarus-verilog/11.0/lib/ivl/va_math.vpi";
S_0x15be070e0 .scope module, "half_beh_tb" "half_beh_tb" 2 68;
 .timescale 0 0;
v0x15be17770_0 .var "a", 0 0;
v0x15be17810_0 .var "b", 0 0;
v0x15be178c0_0 .net "carry", 0 0, v0x15be175c0_0;  1 drivers
v0x15be17990_0 .net "sum", 0 0, v0x15be17670_0;  1 drivers
S_0x15be07250 .scope module, "uut" "half_beh" 2 72, 3 25 0, S_0x15be070e0;
 .timescale 0 0;
    .port_info 0 /OUTPUT 1 "sum";
    .port_info 1 /OUTPUT 1 "carry";
    .port_info 2 /INPUT 1 "a";
    .port_info 3 /INPUT 1 "b";
v0x15be07470_0 .net "a", 0 0, v0x15be17770_0;  1 drivers
v0x15be17520_0 .net "b", 0 0, v0x15be17810_0;  1 drivers
v0x15be175c0_0 .var "carry", 0 0;
v0x15be17670_0 .var "sum", 0 0;
E_0x15be06a00 .event edge, v0x15be17520_0, v0x15be07470_0;
    .scope S_0x15be07250;
T_0 ;
    %wait E_0x15be06a00;
    %load/vec4 v0x15be07470_0;
    %load/vec4 v0x15be17520_0;
    %xor;
    %store/vec4 v0x15be17670_0, 0, 1;
    %load/vec4 v0x15be07470_0;
    %load/vec4 v0x15be17520_0;
    %and;
    %store/vec4 v0x15be175c0_0, 0, 1;
    %jmp T_0;
    .thread T_0, $push;
    .scope S_0x15be070e0;
T_1 ;
    %vpi_call 2 75 "$dumpfile", "half_beh.vcd" {0 0 0};
    %vpi_call 2 76 "$dumpvars", 32'sb00000000000000000000000000000000, S_0x15be070e0 {0 0 0};
    %delay 10, 0;
    %pushi/vec4 0, 0, 1;
    %store/vec4 v0x15be17770_0, 0, 1;
    %pushi/vec4 0, 0, 1;
    %store/vec4 v0x15be17810_0, 0, 1;
    %delay 10, 0;
    %vpi_call 2 80 "$display", "Input: a=%b, b=%b Output: sum=%b, carry=%b", v0x15be17770_0, v0x15be17810_0, v0x15be17990_0, v0x15be178c0_0 {0 0 0};
    %pushi/vec4 0, 0, 1;
    %store/vec4 v0x15be17770_0, 0, 1;
    %pushi/vec4 1, 0, 1;
    %store/vec4 v0x15be17810_0, 0, 1;
    %delay 10, 0;
    %vpi_call 2 83 "$display", "Input: a=%b, b=%b Output: sum=%b, carry=%b", v0x15be17770_0, v0x15be17810_0, v0x15be17990_0, v0x15be178c0_0 {0 0 0};
    %pushi/vec4 1, 0, 1;
    %store/vec4 v0x15be17770_0, 0, 1;
    %pushi/vec4 0, 0, 1;
    %store/vec4 v0x15be17810_0, 0, 1;
    %delay 10, 0;
    %vpi_call 2 86 "$display", "Input: a=%b, b=%b Output: sum=%b, carry=%b", v0x15be17770_0, v0x15be17810_0, v0x15be17990_0, v0x15be178c0_0 {0 0 0};
    %pushi/vec4 1, 0, 1;
    %store/vec4 v0x15be17770_0, 0, 1;
    %pushi/vec4 1, 0, 1;
    %store/vec4 v0x15be17810_0, 0, 1;
    %delay 10, 0;
    %vpi_call 2 89 "$display", "Input: a=%b, b=%b Output: sum=%b, carry=%b", v0x15be17770_0, v0x15be17810_0, v0x15be17990_0, v0x15be178c0_0 {0 0 0};
    %vpi_call 2 91 "$finish" {0 0 0};
    %end;
    .thread T_1;
# The file index is used to find the file name in the following table.
:file_names 4;
    "N/A";
    "<interactive>";
    "lab1_q3_tb.v";
    "./lab1_q3.v";
