#! /opt/homebrew/Cellar/icarus-verilog/11.0/bin/vvp
:ivl_version "11.0 (stable)";
:ivl_delay_selection "TYPICAL";
:vpi_time_precision + 0;
:vpi_module "/opt/homebrew/Cellar/icarus-verilog/11.0/lib/ivl/system.vpi";
:vpi_module "/opt/homebrew/Cellar/icarus-verilog/11.0/lib/ivl/vhdl_sys.vpi";
:vpi_module "/opt/homebrew/Cellar/icarus-verilog/11.0/lib/ivl/vhdl_textio.vpi";
:vpi_module "/opt/homebrew/Cellar/icarus-verilog/11.0/lib/ivl/v2005_math.vpi";
:vpi_module "/opt/homebrew/Cellar/icarus-verilog/11.0/lib/ivl/va_math.vpi";
S_0x126608490 .scope module, "mux_udp_tb" "mux_udp_tb" 2 3;
 .timescale 0 0;
v0x12661e140_0 .var "a", 0 0;
v0x12661e1f0_0 .var "b", 0 0;
v0x12661e280_0 .var "c", 0 0;
v0x12661e310_0 .var "d", 0 0;
v0x12661e3c0_0 .net "out", 0 0, L_0x12661e5f0;  1 drivers
v0x12661e490_0 .var "sel0", 0 0;
v0x12661e540_0 .var "sel1", 0 0;
S_0x126608600 .scope module, "obj" "lab4_q1_udp" 2 7, 3 21 0, S_0x126608490;
 .timescale 0 0;
    .port_info 0 /OUTPUT 1 "out";
    .port_info 1 /INPUT 1 "sel0";
    .port_info 2 /INPUT 1 "sel1";
    .port_info 3 /INPUT 1 "a";
    .port_info 4 /INPUT 1 "b";
    .port_info 5 /INPUT 1 "c";
    .port_info 6 /INPUT 1 "d";
UDP_mux_udp .udp/comb "mux_udp", 6
 ,"000???0"
 ,"001???1"
 ,"01?0??0"
 ,"01?1??1"
 ,"10??0?0"
 ,"10??1?1"
 ,"11???00"
 ,"11???11"
 ,"?x????x"
 ,"x?????x";
L_0x12661e5f0 .udp UDP_mux_udp, v0x12661e490_0, v0x12661e540_0, v0x12661e140_0, v0x12661e1f0_0, v0x12661e280_0, v0x12661e310_0;
v0x126606c20_0 .net "a", 0 0, v0x12661e140_0;  1 drivers
v0x12661dca0_0 .net "b", 0 0, v0x12661e1f0_0;  1 drivers
v0x12661dd40_0 .net "c", 0 0, v0x12661e280_0;  1 drivers
v0x12661ddd0_0 .net "d", 0 0, v0x12661e310_0;  1 drivers
v0x12661de70_0 .net "out", 0 0, L_0x12661e5f0;  alias, 1 drivers
v0x12661df50_0 .net "sel0", 0 0, v0x12661e490_0;  1 drivers
v0x12661dff0_0 .net "sel1", 0 0, v0x12661e540_0;  1 drivers
    .scope S_0x126608490;
T_0 ;
    %vpi_call 2 9 "$dumpfile", "lab4_q1.vcd" {0 0 0};
    %vpi_call 2 10 "$dumpvars", 32'sb00000000000000000000000000000000, S_0x126608490 {0 0 0};
    %end;
    .thread T_0;
    .scope S_0x126608490;
T_1 ;
    %delay 0, 0;
    %pushi/vec4 0, 0, 1;
    %store/vec4 v0x12661e490_0, 0, 1;
    %pushi/vec4 0, 0, 1;
    %store/vec4 v0x12661e540_0, 0, 1;
    %pushi/vec4 0, 0, 1;
    %store/vec4 v0x12661e140_0, 0, 1;
    %pushi/vec4 0, 0, 1;
    %store/vec4 v0x12661e1f0_0, 0, 1;
    %pushi/vec4 1, 0, 1;
    %store/vec4 v0x12661e280_0, 0, 1;
    %pushi/vec4 1, 0, 1;
    %store/vec4 v0x12661e310_0, 0, 1;
    %delay 10, 0;
    %pushi/vec4 0, 0, 1;
    %store/vec4 v0x12661e490_0, 0, 1;
    %pushi/vec4 0, 0, 1;
    %store/vec4 v0x12661e540_0, 0, 1;
    %pushi/vec4 1, 0, 1;
    %store/vec4 v0x12661e140_0, 0, 1;
    %pushi/vec4 0, 0, 1;
    %store/vec4 v0x12661e1f0_0, 0, 1;
    %pushi/vec4 1, 0, 1;
    %store/vec4 v0x12661e280_0, 0, 1;
    %pushi/vec4 1, 0, 1;
    %store/vec4 v0x12661e310_0, 0, 1;
    %delay 10, 0;
    %pushi/vec4 0, 0, 1;
    %store/vec4 v0x12661e490_0, 0, 1;
    %pushi/vec4 1, 0, 1;
    %store/vec4 v0x12661e540_0, 0, 1;
    %pushi/vec4 0, 0, 1;
    %store/vec4 v0x12661e140_0, 0, 1;
    %pushi/vec4 0, 0, 1;
    %store/vec4 v0x12661e1f0_0, 0, 1;
    %pushi/vec4 1, 0, 1;
    %store/vec4 v0x12661e280_0, 0, 1;
    %pushi/vec4 1, 0, 1;
    %store/vec4 v0x12661e310_0, 0, 1;
    %delay 10, 0;
    %pushi/vec4 0, 0, 1;
    %store/vec4 v0x12661e490_0, 0, 1;
    %pushi/vec4 1, 0, 1;
    %store/vec4 v0x12661e540_0, 0, 1;
    %pushi/vec4 0, 0, 1;
    %store/vec4 v0x12661e140_0, 0, 1;
    %pushi/vec4 1, 0, 1;
    %store/vec4 v0x12661e1f0_0, 0, 1;
    %pushi/vec4 1, 0, 1;
    %store/vec4 v0x12661e280_0, 0, 1;
    %pushi/vec4 1, 0, 1;
    %store/vec4 v0x12661e310_0, 0, 1;
    %delay 10, 0;
    %pushi/vec4 1, 0, 1;
    %store/vec4 v0x12661e490_0, 0, 1;
    %pushi/vec4 0, 0, 1;
    %store/vec4 v0x12661e540_0, 0, 1;
    %pushi/vec4 0, 0, 1;
    %store/vec4 v0x12661e140_0, 0, 1;
    %pushi/vec4 0, 0, 1;
    %store/vec4 v0x12661e1f0_0, 0, 1;
    %pushi/vec4 0, 0, 1;
    %store/vec4 v0x12661e280_0, 0, 1;
    %pushi/vec4 1, 0, 1;
    %store/vec4 v0x12661e310_0, 0, 1;
    %delay 10, 0;
    %pushi/vec4 1, 0, 1;
    %store/vec4 v0x12661e490_0, 0, 1;
    %pushi/vec4 0, 0, 1;
    %store/vec4 v0x12661e540_0, 0, 1;
    %pushi/vec4 0, 0, 1;
    %store/vec4 v0x12661e140_0, 0, 1;
    %pushi/vec4 0, 0, 1;
    %store/vec4 v0x12661e1f0_0, 0, 1;
    %pushi/vec4 1, 0, 1;
    %store/vec4 v0x12661e280_0, 0, 1;
    %pushi/vec4 1, 0, 1;
    %store/vec4 v0x12661e310_0, 0, 1;
    %delay 10, 0;
    %pushi/vec4 1, 0, 1;
    %store/vec4 v0x12661e490_0, 0, 1;
    %pushi/vec4 1, 0, 1;
    %store/vec4 v0x12661e540_0, 0, 1;
    %pushi/vec4 0, 0, 1;
    %store/vec4 v0x12661e140_0, 0, 1;
    %pushi/vec4 0, 0, 1;
    %store/vec4 v0x12661e1f0_0, 0, 1;
    %pushi/vec4 1, 0, 1;
    %store/vec4 v0x12661e280_0, 0, 1;
    %pushi/vec4 0, 0, 1;
    %store/vec4 v0x12661e310_0, 0, 1;
    %delay 10, 0;
    %pushi/vec4 1, 0, 1;
    %store/vec4 v0x12661e490_0, 0, 1;
    %pushi/vec4 1, 0, 1;
    %store/vec4 v0x12661e540_0, 0, 1;
    %pushi/vec4 0, 0, 1;
    %store/vec4 v0x12661e140_0, 0, 1;
    %pushi/vec4 0, 0, 1;
    %store/vec4 v0x12661e1f0_0, 0, 1;
    %pushi/vec4 1, 0, 1;
    %store/vec4 v0x12661e280_0, 0, 1;
    %pushi/vec4 1, 0, 1;
    %store/vec4 v0x12661e310_0, 0, 1;
    %delay 10, 0;
    %vpi_call 2 23 "$finish" {0 0 0};
    %end;
    .thread T_1;
# The file index is used to find the file name in the following table.
:file_names 4;
    "N/A";
    "<interactive>";
    "lab4_q1_tb.v";
    "./lab4_q1.v";
