#! /opt/homebrew/Cellar/icarus-verilog/11.0/bin/vvp
:ivl_version "11.0 (stable)";
:ivl_delay_selection "TYPICAL";
:vpi_time_precision + 0;
:vpi_module "/opt/homebrew/Cellar/icarus-verilog/11.0/lib/ivl/system.vpi";
:vpi_module "/opt/homebrew/Cellar/icarus-verilog/11.0/lib/ivl/vhdl_sys.vpi";
:vpi_module "/opt/homebrew/Cellar/icarus-verilog/11.0/lib/ivl/vhdl_textio.vpi";
:vpi_module "/opt/homebrew/Cellar/icarus-verilog/11.0/lib/ivl/v2005_math.vpi";
:vpi_module "/opt/homebrew/Cellar/icarus-verilog/11.0/lib/ivl/va_math.vpi";
S_0x140708880 .scope module, "ALU_behavioral_tb" "ALU_behavioral_tb" 2 21;
 .timescale 0 0;
v0x140720f20_0 .var "A", 3 0;
v0x140720fd0_0 .var "ALU_OP", 2 0;
v0x140721080_0 .var "B", 3 0;
v0x140721150_0 .net "out", 3 0, v0x140720e10_0;  1 drivers
S_0x1407057b0 .scope module, "a1" "ALU_Beh_dataflow" 2 25, 2 1 0, S_0x140708880;
 .timescale 0 0;
    .port_info 0 /INPUT 4 "A";
    .port_info 1 /INPUT 4 "B";
    .port_info 2 /INPUT 3 "ALU_OP";
    .port_info 3 /OUTPUT 4 "out";
v0x140705920_0 .net "A", 3 0, v0x140720f20_0;  1 drivers
v0x140720ca0_0 .net "ALU_OP", 2 0, v0x140720fd0_0;  1 drivers
v0x140720d50_0 .net "B", 3 0, v0x140721080_0;  1 drivers
v0x140720e10_0 .var "out", 3 0;
E_0x140709480 .event edge, v0x140720ca0_0, v0x140705920_0, v0x140720d50_0;
    .scope S_0x1407057b0;
T_0 ;
    %wait E_0x140709480;
    %load/vec4 v0x140720ca0_0;
    %dup/vec4;
    %pushi/vec4 0, 0, 3;
    %cmp/u;
    %jmp/1 T_0.0, 6;
    %dup/vec4;
    %pushi/vec4 1, 0, 3;
    %cmp/u;
    %jmp/1 T_0.1, 6;
    %dup/vec4;
    %pushi/vec4 2, 0, 3;
    %cmp/u;
    %jmp/1 T_0.2, 6;
    %dup/vec4;
    %pushi/vec4 3, 0, 3;
    %cmp/u;
    %jmp/1 T_0.3, 6;
    %dup/vec4;
    %pushi/vec4 4, 0, 3;
    %cmp/u;
    %jmp/1 T_0.4, 6;
    %dup/vec4;
    %pushi/vec4 5, 0, 3;
    %cmp/u;
    %jmp/1 T_0.5, 6;
    %dup/vec4;
    %pushi/vec4 6, 0, 3;
    %cmp/u;
    %jmp/1 T_0.6, 6;
    %dup/vec4;
    %pushi/vec4 7, 0, 3;
    %cmp/u;
    %jmp/1 T_0.7, 6;
    %pushi/vec4 15, 15, 4;
    %store/vec4 v0x140720e10_0, 0, 4;
    %jmp T_0.9;
T_0.0 ;
    %load/vec4 v0x140705920_0;
    %load/vec4 v0x140720d50_0;
    %add;
    %store/vec4 v0x140720e10_0, 0, 4;
    %jmp T_0.9;
T_0.1 ;
    %load/vec4 v0x140705920_0;
    %load/vec4 v0x140720d50_0;
    %sub;
    %store/vec4 v0x140720e10_0, 0, 4;
    %jmp T_0.9;
T_0.2 ;
    %load/vec4 v0x140705920_0;
    %load/vec4 v0x140720d50_0;
    %and;
    %inv;
    %store/vec4 v0x140720e10_0, 0, 4;
    %jmp T_0.9;
T_0.3 ;
    %load/vec4 v0x140705920_0;
    %load/vec4 v0x140720d50_0;
    %or;
    %inv;
    %store/vec4 v0x140720e10_0, 0, 4;
    %jmp T_0.9;
T_0.4 ;
    %load/vec4 v0x140705920_0;
    %load/vec4 v0x140720d50_0;
    %cmp/u;
    %flag_mov 8, 5;
    %jmp/0 T_0.10, 8;
    %pushi/vec4 1, 0, 4;
    %jmp/1 T_0.11, 8;
T_0.10 ; End of true expr.
    %pushi/vec4 0, 0, 4;
    %jmp/0 T_0.11, 8;
 ; End of false expr.
    %blend;
T_0.11;
    %store/vec4 v0x140720e10_0, 0, 4;
    %jmp T_0.9;
T_0.5 ;
    %load/vec4 v0x140705920_0;
    %load/vec4 v0x140720d50_0;
    %cmp/e;
    %flag_mov 8, 4;
    %jmp/0 T_0.12, 8;
    %pushi/vec4 1, 0, 4;
    %jmp/1 T_0.13, 8;
T_0.12 ; End of true expr.
    %pushi/vec4 0, 0, 4;
    %jmp/0 T_0.13, 8;
 ; End of false expr.
    %blend;
T_0.13;
    %store/vec4 v0x140720e10_0, 0, 4;
    %jmp T_0.9;
T_0.6 ;
    %load/vec4 v0x140705920_0;
    %load/vec4 v0x140720d50_0;
    %parti/s 2, 0, 2;
    %ix/vec4 4;
    %shiftl 4;
    %store/vec4 v0x140720e10_0, 0, 4;
    %jmp T_0.9;
T_0.7 ;
    %load/vec4 v0x140705920_0;
    %load/vec4 v0x140720d50_0;
    %parti/s 2, 0, 2;
    %ix/vec4 4;
    %shiftr 4;
    %store/vec4 v0x140720e10_0, 0, 4;
    %jmp T_0.9;
T_0.9 ;
    %pop/vec4 1;
    %jmp T_0;
    .thread T_0, $push;
    .scope S_0x140708880;
T_1 ;
    %vpi_call 2 28 "$dumpfile", "ALU_dataflow_beh.vcd" {0 0 0};
    %vpi_call 2 29 "$dumpvars", 32'sb00000000000000000000000000000000, S_0x140708880 {0 0 0};
    %pushi/vec4 0, 0, 3;
    %store/vec4 v0x140720fd0_0, 0, 3;
    %pushi/vec4 10, 0, 4;
    %store/vec4 v0x140720f20_0, 0, 4;
    %pushi/vec4 5, 0, 4;
    %store/vec4 v0x140721080_0, 0, 4;
    %delay 10, 0;
    %pushi/vec4 1, 0, 3;
    %store/vec4 v0x140720fd0_0, 0, 3;
    %pushi/vec4 10, 0, 4;
    %store/vec4 v0x140720f20_0, 0, 4;
    %pushi/vec4 5, 0, 4;
    %store/vec4 v0x140721080_0, 0, 4;
    %delay 10, 0;
    %pushi/vec4 2, 0, 3;
    %store/vec4 v0x140720fd0_0, 0, 3;
    %pushi/vec4 10, 0, 4;
    %store/vec4 v0x140720f20_0, 0, 4;
    %pushi/vec4 5, 0, 4;
    %store/vec4 v0x140721080_0, 0, 4;
    %delay 10, 0;
    %pushi/vec4 3, 0, 3;
    %store/vec4 v0x140720fd0_0, 0, 3;
    %pushi/vec4 10, 0, 4;
    %store/vec4 v0x140720f20_0, 0, 4;
    %pushi/vec4 5, 0, 4;
    %store/vec4 v0x140721080_0, 0, 4;
    %delay 10, 0;
    %pushi/vec4 4, 0, 3;
    %store/vec4 v0x140720fd0_0, 0, 3;
    %pushi/vec4 10, 0, 4;
    %store/vec4 v0x140720f20_0, 0, 4;
    %pushi/vec4 5, 0, 4;
    %store/vec4 v0x140721080_0, 0, 4;
    %delay 10, 0;
    %pushi/vec4 5, 0, 3;
    %store/vec4 v0x140720fd0_0, 0, 3;
    %pushi/vec4 10, 0, 4;
    %store/vec4 v0x140720f20_0, 0, 4;
    %pushi/vec4 5, 0, 4;
    %store/vec4 v0x140721080_0, 0, 4;
    %delay 10, 0;
    %pushi/vec4 6, 0, 3;
    %store/vec4 v0x140720fd0_0, 0, 3;
    %pushi/vec4 10, 0, 4;
    %store/vec4 v0x140720f20_0, 0, 4;
    %pushi/vec4 5, 0, 4;
    %store/vec4 v0x140721080_0, 0, 4;
    %delay 10, 0;
    %pushi/vec4 7, 0, 3;
    %store/vec4 v0x140720fd0_0, 0, 3;
    %pushi/vec4 10, 0, 4;
    %store/vec4 v0x140720f20_0, 0, 4;
    %pushi/vec4 5, 0, 4;
    %store/vec4 v0x140721080_0, 0, 4;
    %delay 10, 0;
    %end;
    .thread T_1;
    .scope S_0x140708880;
T_2 ;
    %vpi_call 2 48 "$monitor", "ALU_OP = %b, A = %b, B = %b, out = %b", v0x140720fd0_0, v0x140720f20_0, v0x140721080_0, v0x140721150_0 {0 0 0};
    %end;
    .thread T_2;
# The file index is used to find the file name in the following table.
:file_names 3;
    "N/A";
    "<interactive>";
    "q2_beh.v";
