#! /opt/homebrew/Cellar/icarus-verilog/11.0/bin/vvp
:ivl_version "11.0 (stable)";
:ivl_delay_selection "TYPICAL";
:vpi_time_precision + 0;
:vpi_module "/opt/homebrew/Cellar/icarus-verilog/11.0/lib/ivl/system.vpi";
:vpi_module "/opt/homebrew/Cellar/icarus-verilog/11.0/lib/ivl/vhdl_sys.vpi";
:vpi_module "/opt/homebrew/Cellar/icarus-verilog/11.0/lib/ivl/vhdl_textio.vpi";
:vpi_module "/opt/homebrew/Cellar/icarus-verilog/11.0/lib/ivl/v2005_math.vpi";
:vpi_module "/opt/homebrew/Cellar/icarus-verilog/11.0/lib/ivl/va_math.vpi";
S_0x12d004150 .scope module, "n_bit_adder_tb" "n_bit_adder_tb" 2 11;
 .timescale 0 0;
P_0x12d0042c0 .param/l "n" 0 2 12, +C4<00000000000000000000000000000011>;
v0x12d114de0_0 .var "a", 2 0;
v0x12d114e90_0 .var "b", 2 0;
v0x12d114f40_0 .net "c", 3 0, L_0x12d1152b0;  1 drivers
S_0x12d104640 .scope module, "obj" "n_bit_adder" 2 16, 2 1 0, S_0x12d004150;
 .timescale 0 0;
    .port_info 0 /OUTPUT 4 "c";
    .port_info 1 /INPUT 3 "a";
    .port_info 2 /INPUT 3 "b";
P_0x12d1047b0 .param/l "n" 0 2 3, +C4<00000000000000000000000000000011>;
v0x12d104900_0 .net *"_ivl_0", 3 0, L_0x12d115010;  1 drivers
L_0x110040010 .functor BUFT 1, C4<0>, C4<0>, C4<0>, C4<0>;
v0x12d1149c0_0 .net *"_ivl_3", 0 0, L_0x110040010;  1 drivers
v0x12d114a60_0 .net *"_ivl_4", 3 0, L_0x12d115170;  1 drivers
L_0x110040058 .functor BUFT 1, C4<0>, C4<0>, C4<0>, C4<0>;
v0x12d114af0_0 .net *"_ivl_7", 0 0, L_0x110040058;  1 drivers
v0x12d114b80_0 .net "a", 2 0, v0x12d114de0_0;  1 drivers
v0x12d114c50_0 .net "b", 2 0, v0x12d114e90_0;  1 drivers
v0x12d114d00_0 .net "c", 3 0, L_0x12d1152b0;  alias, 1 drivers
L_0x12d115010 .concat [ 3 1 0 0], v0x12d114de0_0, L_0x110040010;
L_0x12d115170 .concat [ 3 1 0 0], v0x12d114e90_0, L_0x110040058;
L_0x12d1152b0 .arith/sum 4, L_0x12d115010, L_0x12d115170;
    .scope S_0x12d004150;
T_0 ;
    %vpi_call 2 20 "$dumpfile", "n_bit_adder_WAVE.vcd" {0 0 0};
    %vpi_call 2 21 "$dumpvars", 32'sb00000000000000000000000000000000, S_0x12d004150 {0 0 0};
    %vpi_call 2 22 "$monitor", "a = %b, b = %b, sum = %b", v0x12d114de0_0, v0x12d114e90_0, v0x12d114f40_0 {0 0 0};
    %end;
    .thread T_0;
    .scope S_0x12d004150;
T_1 ;
    %delay 0, 0;
    %pushi/vec4 5, 0, 3;
    %store/vec4 v0x12d114de0_0, 0, 3;
    %pushi/vec4 4, 0, 3;
    %store/vec4 v0x12d114e90_0, 0, 3;
    %delay 10, 0;
    %pushi/vec4 3, 0, 3;
    %store/vec4 v0x12d114de0_0, 0, 3;
    %pushi/vec4 3, 0, 3;
    %store/vec4 v0x12d114e90_0, 0, 3;
    %delay 10, 0;
    %pushi/vec4 7, 0, 3;
    %store/vec4 v0x12d114de0_0, 0, 3;
    %pushi/vec4 2, 0, 3;
    %store/vec4 v0x12d114e90_0, 0, 3;
    %delay 10, 0;
    %pushi/vec4 1, 0, 3;
    %store/vec4 v0x12d114de0_0, 0, 3;
    %pushi/vec4 7, 0, 3;
    %store/vec4 v0x12d114e90_0, 0, 3;
    %delay 10, 0;
    %vpi_call 2 31 "$finish" {0 0 0};
    %end;
    .thread T_1;
# The file index is used to find the file name in the following table.
:file_names 3;
    "N/A";
    "<interactive>";
    "nbitadder.v";
