#! /opt/homebrew/Cellar/icarus-verilog/11.0/bin/vvp
:ivl_version "11.0 (stable)";
:ivl_delay_selection "TYPICAL";
:vpi_time_precision + 0;
:vpi_module "/opt/homebrew/Cellar/icarus-verilog/11.0/lib/ivl/system.vpi";
:vpi_module "/opt/homebrew/Cellar/icarus-verilog/11.0/lib/ivl/vhdl_sys.vpi";
:vpi_module "/opt/homebrew/Cellar/icarus-verilog/11.0/lib/ivl/vhdl_textio.vpi";
:vpi_module "/opt/homebrew/Cellar/icarus-verilog/11.0/lib/ivl/v2005_math.vpi";
:vpi_module "/opt/homebrew/Cellar/icarus-verilog/11.0/lib/ivl/va_math.vpi";
S_0x156609890 .scope module, "q2_a_tb" "q2_a_tb" 2 13;
 .timescale 0 0;
v0x15661fe20_0 .var "i0", 7 0;
v0x15661fed0_0 .var "i1", 7 0;
v0x15661ff60_0 .var "i2", 7 0;
v0x156620030_0 .var "i3", 7 0;
v0x1566200e0_0 .var "s", 1 0;
v0x1566201b0_0 .net "y", 7 0, v0x15661fce0_0;  1 drivers
S_0x156607590 .scope module, "uut" "mux4to1" 2 16, 2 1 0, S_0x156609890;
 .timescale 0 0;
    .port_info 0 /INPUT 8 "i0";
    .port_info 1 /INPUT 8 "i1";
    .port_info 2 /INPUT 8 "i2";
    .port_info 3 /INPUT 8 "i3";
    .port_info 4 /INPUT 2 "s";
    .port_info 5 /OUTPUT 8 "y";
P_0x156609ff0 .param/l "N" 0 2 1, +C4<00000000000000000000000000001000>;
v0x15660ff60_0 .net "i0", 7 0, v0x15661fe20_0;  1 drivers
v0x15661fa50_0 .net "i1", 7 0, v0x15661fed0_0;  1 drivers
v0x15661faf0_0 .net "i2", 7 0, v0x15661ff60_0;  1 drivers
v0x15661fb80_0 .net "i3", 7 0, v0x156620030_0;  1 drivers
v0x15661fc10_0 .net "s", 1 0, v0x1566200e0_0;  1 drivers
v0x15661fce0_0 .var "y", 7 0;
E_0x15660c270/0 .event edge, v0x15661fc10_0, v0x15660ff60_0, v0x15661fa50_0, v0x15661faf0_0;
E_0x15660c270/1 .event edge, v0x15661fb80_0;
E_0x15660c270 .event/or E_0x15660c270/0, E_0x15660c270/1;
    .scope S_0x156607590;
T_0 ;
    %wait E_0x15660c270;
    %load/vec4 v0x15661fc10_0;
    %dup/vec4;
    %pushi/vec4 0, 0, 2;
    %cmp/u;
    %jmp/1 T_0.0, 6;
    %dup/vec4;
    %pushi/vec4 1, 0, 2;
    %cmp/u;
    %jmp/1 T_0.1, 6;
    %dup/vec4;
    %pushi/vec4 2, 0, 2;
    %cmp/u;
    %jmp/1 T_0.2, 6;
    %dup/vec4;
    %pushi/vec4 3, 0, 2;
    %cmp/u;
    %jmp/1 T_0.3, 6;
    %jmp T_0.4;
T_0.0 ;
    %load/vec4 v0x15660ff60_0;
    %store/vec4 v0x15661fce0_0, 0, 8;
    %jmp T_0.4;
T_0.1 ;
    %load/vec4 v0x15661fa50_0;
    %store/vec4 v0x15661fce0_0, 0, 8;
    %jmp T_0.4;
T_0.2 ;
    %load/vec4 v0x15661faf0_0;
    %store/vec4 v0x15661fce0_0, 0, 8;
    %jmp T_0.4;
T_0.3 ;
    %load/vec4 v0x15661fb80_0;
    %store/vec4 v0x15661fce0_0, 0, 8;
    %jmp T_0.4;
T_0.4 ;
    %pop/vec4 1;
    %jmp T_0;
    .thread T_0, $push;
    .scope S_0x156609890;
T_1 ;
    %vpi_call 2 18 "$dumpfile", "mux4to1.vcd" {0 0 0};
    %vpi_call 2 19 "$dumpvars", 32'sb00000000000000000000000000000000, S_0x156609890 {0 0 0};
    %pushi/vec4 0, 0, 8;
    %store/vec4 v0x15661fe20_0, 0, 8;
    %pushi/vec4 17, 0, 8;
    %store/vec4 v0x15661fed0_0, 0, 8;
    %pushi/vec4 34, 0, 8;
    %store/vec4 v0x15661ff60_0, 0, 8;
    %pushi/vec4 51, 0, 8;
    %store/vec4 v0x156620030_0, 0, 8;
    %pushi/vec4 0, 0, 2;
    %store/vec4 v0x1566200e0_0, 0, 2;
    %delay 10, 0;
    %pushi/vec4 1, 0, 2;
    %store/vec4 v0x1566200e0_0, 0, 2;
    %delay 10, 0;
    %pushi/vec4 2, 0, 2;
    %store/vec4 v0x1566200e0_0, 0, 2;
    %delay 10, 0;
    %pushi/vec4 3, 0, 2;
    %store/vec4 v0x1566200e0_0, 0, 2;
    %delay 10, 0;
    %delay 1, 0;
    %vpi_call 2 25 "$finish" {0 0 0};
    %end;
    .thread T_1;
    .scope S_0x156609890;
T_2 ;
    %vpi_call 2 28 "$monitor", "i0 = %b, i1 = %b, i2 = %b, i3 = %b, s = %b, y = %b", v0x15661fe20_0, v0x15661fed0_0, v0x15661ff60_0, v0x156620030_0, v0x1566200e0_0, v0x1566201b0_0 {0 0 0};
    %end;
    .thread T_2;
# The file index is used to find the file name in the following table.
:file_names 3;
    "N/A";
    "<interactive>";
    "q2_aa.v";
