#! /opt/homebrew/Cellar/icarus-verilog/11.0/bin/vvp
:ivl_version "11.0 (stable)";
:ivl_delay_selection "TYPICAL";
:vpi_time_precision - 6;
:vpi_module "/opt/homebrew/Cellar/icarus-verilog/11.0/lib/ivl/system.vpi";
:vpi_module "/opt/homebrew/Cellar/icarus-verilog/11.0/lib/ivl/vhdl_sys.vpi";
:vpi_module "/opt/homebrew/Cellar/icarus-verilog/11.0/lib/ivl/vhdl_textio.vpi";
:vpi_module "/opt/homebrew/Cellar/icarus-verilog/11.0/lib/ivl/v2005_math.vpi";
:vpi_module "/opt/homebrew/Cellar/icarus-verilog/11.0/lib/ivl/va_math.vpi";
S_0x1567060d0 .scope module, "q3_tb" "q3_tb" 2 6;
 .timescale -6 -6;
v0x156724870_0 .var "a", 0 0;
v0x156724900_0 .var "b", 0 0;
v0x156724990_0 .var "cin", 0 0;
v0x156724a60_0 .net "cout", 0 0, L_0x156724bc0;  1 drivers
v0x156724af0_0 .net "sum", 0 0, L_0x156724ca0;  1 drivers
S_0x156704e30 .scope module, "u1" "full_adder" 2 9, 2 2 0, S_0x1567060d0;
 .timescale -6 -6;
    .port_info 0 /INPUT 1 "a";
    .port_info 1 /INPUT 1 "b";
    .port_info 2 /INPUT 1 "cin";
    .port_info 3 /OUTPUT 1 "sum";
    .port_info 4 /OUTPUT 1 "cout";
L_0x148068058 .functor BUFT 1, C4<0>, C4<0>, C4<0>, C4<0>;
v0x156704fa0_0 .net *"_ivl_10", 0 0, L_0x148068058;  1 drivers
v0x156723f70_0 .net *"_ivl_11", 1 0, L_0x156725040;  1 drivers
v0x156724010_0 .net *"_ivl_13", 1 0, L_0x1567251b0;  1 drivers
L_0x1480680a0 .functor BUFT 1, C4<0>, C4<0>, C4<0>, C4<0>;
v0x1567240c0_0 .net *"_ivl_16", 0 0, L_0x1480680a0;  1 drivers
v0x156724170_0 .net *"_ivl_17", 1 0, L_0x1567252d0;  1 drivers
v0x156724260_0 .net *"_ivl_3", 1 0, L_0x156724dc0;  1 drivers
L_0x148068010 .functor BUFT 1, C4<0>, C4<0>, C4<0>, C4<0>;
v0x156724310_0 .net *"_ivl_6", 0 0, L_0x148068010;  1 drivers
v0x1567243c0_0 .net *"_ivl_7", 1 0, L_0x156724f00;  1 drivers
v0x156724470_0 .net "a", 0 0, v0x156724870_0;  1 drivers
v0x156724580_0 .net "b", 0 0, v0x156724900_0;  1 drivers
v0x156724610_0 .net "cin", 0 0, v0x156724990_0;  1 drivers
v0x1567246b0_0 .net "cout", 0 0, L_0x156724bc0;  alias, 1 drivers
v0x156724750_0 .net "sum", 0 0, L_0x156724ca0;  alias, 1 drivers
L_0x156724bc0 .part L_0x1567252d0, 1, 1;
L_0x156724ca0 .part L_0x1567252d0, 0, 1;
L_0x156724dc0 .concat [ 1 1 0 0], v0x156724870_0, L_0x148068010;
L_0x156724f00 .concat [ 1 1 0 0], v0x156724900_0, L_0x148068058;
L_0x156725040 .arith/sum 2, L_0x156724dc0, L_0x156724f00;
L_0x1567251b0 .concat [ 1 1 0 0], v0x156724990_0, L_0x1480680a0;
L_0x1567252d0 .arith/sum 2, L_0x156725040, L_0x1567251b0;
    .scope S_0x1567060d0;
T_0 ;
    %vpi_call 2 11 "$dumpfile", "lab_q3.vcd" {0 0 0};
    %vpi_call 2 12 "$dumpvars", 32'sb00000000000000000000000000000000, S_0x1567060d0 {0 0 0};
    %delay 1, 0;
    %pushi/vec4 0, 0, 1;
    %store/vec4 v0x156724870_0, 0, 1;
    %pushi/vec4 0, 0, 1;
    %store/vec4 v0x156724900_0, 0, 1;
    %pushi/vec4 0, 0, 1;
    %store/vec4 v0x156724990_0, 0, 1;
    %delay 1, 0;
    %pushi/vec4 0, 0, 1;
    %store/vec4 v0x156724870_0, 0, 1;
    %pushi/vec4 0, 0, 1;
    %store/vec4 v0x156724900_0, 0, 1;
    %pushi/vec4 1, 0, 1;
    %store/vec4 v0x156724990_0, 0, 1;
    %delay 1, 0;
    %pushi/vec4 0, 0, 1;
    %store/vec4 v0x156724870_0, 0, 1;
    %pushi/vec4 0, 0, 1;
    %store/vec4 v0x156724900_0, 0, 1;
    %pushi/vec4 1, 1, 1;
    %store/vec4 v0x156724990_0, 0, 1;
    %delay 1, 0;
    %pushi/vec4 0, 0, 1;
    %store/vec4 v0x156724870_0, 0, 1;
    %pushi/vec4 1, 0, 1;
    %store/vec4 v0x156724900_0, 0, 1;
    %pushi/vec4 0, 0, 1;
    %store/vec4 v0x156724990_0, 0, 1;
    %delay 1, 0;
    %pushi/vec4 0, 0, 1;
    %store/vec4 v0x156724870_0, 0, 1;
    %pushi/vec4 1, 0, 1;
    %store/vec4 v0x156724900_0, 0, 1;
    %pushi/vec4 1, 0, 1;
    %store/vec4 v0x156724990_0, 0, 1;
    %delay 1, 0;
    %pushi/vec4 0, 0, 1;
    %store/vec4 v0x156724870_0, 0, 1;
    %pushi/vec4 1, 0, 1;
    %store/vec4 v0x156724900_0, 0, 1;
    %pushi/vec4 1, 1, 1;
    %store/vec4 v0x156724990_0, 0, 1;
    %delay 1, 0;
    %pushi/vec4 0, 0, 1;
    %store/vec4 v0x156724870_0, 0, 1;
    %pushi/vec4 1, 1, 1;
    %store/vec4 v0x156724900_0, 0, 1;
    %pushi/vec4 0, 0, 1;
    %store/vec4 v0x156724990_0, 0, 1;
    %delay 1, 0;
    %pushi/vec4 0, 0, 1;
    %store/vec4 v0x156724870_0, 0, 1;
    %pushi/vec4 1, 1, 1;
    %store/vec4 v0x156724900_0, 0, 1;
    %pushi/vec4 1, 0, 1;
    %store/vec4 v0x156724990_0, 0, 1;
    %delay 1, 0;
    %pushi/vec4 0, 0, 1;
    %store/vec4 v0x156724870_0, 0, 1;
    %pushi/vec4 1, 1, 1;
    %store/vec4 v0x156724900_0, 0, 1;
    %pushi/vec4 1, 1, 1;
    %store/vec4 v0x156724990_0, 0, 1;
    %delay 1, 0;
    %pushi/vec4 1, 0, 1;
    %store/vec4 v0x156724870_0, 0, 1;
    %pushi/vec4 0, 0, 1;
    %store/vec4 v0x156724900_0, 0, 1;
    %pushi/vec4 0, 0, 1;
    %store/vec4 v0x156724990_0, 0, 1;
    %delay 1, 0;
    %pushi/vec4 1, 0, 1;
    %store/vec4 v0x156724870_0, 0, 1;
    %pushi/vec4 0, 0, 1;
    %store/vec4 v0x156724900_0, 0, 1;
    %pushi/vec4 1, 0, 1;
    %store/vec4 v0x156724990_0, 0, 1;
    %delay 1, 0;
    %pushi/vec4 1, 0, 1;
    %store/vec4 v0x156724870_0, 0, 1;
    %pushi/vec4 0, 0, 1;
    %store/vec4 v0x156724900_0, 0, 1;
    %pushi/vec4 1, 1, 1;
    %store/vec4 v0x156724990_0, 0, 1;
    %delay 1, 0;
    %pushi/vec4 1, 0, 1;
    %store/vec4 v0x156724870_0, 0, 1;
    %pushi/vec4 1, 0, 1;
    %store/vec4 v0x156724900_0, 0, 1;
    %pushi/vec4 0, 0, 1;
    %store/vec4 v0x156724990_0, 0, 1;
    %delay 1, 0;
    %pushi/vec4 1, 0, 1;
    %store/vec4 v0x156724870_0, 0, 1;
    %pushi/vec4 1, 0, 1;
    %store/vec4 v0x156724900_0, 0, 1;
    %pushi/vec4 1, 0, 1;
    %store/vec4 v0x156724990_0, 0, 1;
    %delay 1, 0;
    %pushi/vec4 1, 0, 1;
    %store/vec4 v0x156724870_0, 0, 1;
    %pushi/vec4 1, 0, 1;
    %store/vec4 v0x156724900_0, 0, 1;
    %pushi/vec4 1, 1, 1;
    %store/vec4 v0x156724990_0, 0, 1;
    %delay 1, 0;
    %pushi/vec4 1, 0, 1;
    %store/vec4 v0x156724870_0, 0, 1;
    %pushi/vec4 1, 1, 1;
    %store/vec4 v0x156724900_0, 0, 1;
    %pushi/vec4 0, 0, 1;
    %store/vec4 v0x156724990_0, 0, 1;
    %delay 1, 0;
    %pushi/vec4 1, 0, 1;
    %store/vec4 v0x156724870_0, 0, 1;
    %pushi/vec4 1, 1, 1;
    %store/vec4 v0x156724900_0, 0, 1;
    %pushi/vec4 1, 0, 1;
    %store/vec4 v0x156724990_0, 0, 1;
    %delay 1, 0;
    %pushi/vec4 1, 0, 1;
    %store/vec4 v0x156724870_0, 0, 1;
    %pushi/vec4 1, 1, 1;
    %store/vec4 v0x156724900_0, 0, 1;
    %pushi/vec4 1, 1, 1;
    %store/vec4 v0x156724990_0, 0, 1;
    %delay 10, 0;
    %vpi_call 2 31 "$finish" {0 0 0};
    %end;
    .thread T_0;
    .scope S_0x1567060d0;
T_1 ;
    %vpi_call 2 34 "$monitor", "time = %0t us, a = %b, b = %b, cin = %b, sum = %b, cout = %b", $time, v0x156724870_0, v0x156724900_0, v0x156724990_0, v0x156724af0_0, v0x156724a60_0 {0 0 0};
    %end;
    .thread T_1;
# The file index is used to find the file name in the following table.
:file_names 3;
    "N/A";
    "<interactive>";
    "q3.v";
