#! /opt/homebrew/Cellar/icarus-verilog/11.0/bin/vvp
:ivl_version "11.0 (stable)";
:ivl_delay_selection "TYPICAL";
:vpi_time_precision - 12;
:vpi_module "/opt/homebrew/Cellar/icarus-verilog/11.0/lib/ivl/system.vpi";
:vpi_module "/opt/homebrew/Cellar/icarus-verilog/11.0/lib/ivl/vhdl_sys.vpi";
:vpi_module "/opt/homebrew/Cellar/icarus-verilog/11.0/lib/ivl/vhdl_textio.vpi";
:vpi_module "/opt/homebrew/Cellar/icarus-verilog/11.0/lib/ivl/v2005_math.vpi";
:vpi_module "/opt/homebrew/Cellar/icarus-verilog/11.0/lib/ivl/va_math.vpi";
S_0x140e085d0 .scope module, "q4_tb" "q4_tb" 2 8;
 .timescale -12 -12;
v0x140e1d970_0 .var "a", 0 0;
v0x140e1da10_0 .var "b", 0 0;
v0x140e1dac0_0 .net "cout", 0 0, L_0x140e1dd90;  1 drivers
v0x140e1db90_0 .net "sum", 0 0, L_0x140e1dc40;  1 drivers
S_0x140e08740 .scope module, "u1" "half_adder" 2 11, 2 3 0, S_0x140e085d0;
 .timescale -12 -12;
    .port_info 0 /INPUT 1 "a";
    .port_info 1 /INPUT 1 "b";
    .port_info 2 /OUTPUT 1 "sum";
    .port_info 3 /OUTPUT 1 "cout";
L_0x140e1dc40 .functor XOR 1, v0x140e1d970_0, v0x140e1da10_0, C4<0>, C4<0>;
L_0x140e1dd90 .functor AND 1, v0x140e1d970_0, v0x140e1da10_0, C4<1>, C4<1>;
v0x140e08000_0 .net "a", 0 0, v0x140e1d970_0;  1 drivers
v0x140e1d720_0 .net "b", 0 0, v0x140e1da10_0;  1 drivers
v0x140e1d7c0_0 .net "cout", 0 0, L_0x140e1dd90;  alias, 1 drivers
v0x140e1d870_0 .net "sum", 0 0, L_0x140e1dc40;  alias, 1 drivers
    .scope S_0x140e085d0;
T_0 ;
    %vpi_call 2 13 "$dumpfile", "lab5_q4.vcd" {0 0 0};
    %vpi_call 2 14 "$dumpvars", 32'sb00000000000000000000000000000000, S_0x140e085d0 {0 0 0};
    %pushi/vec4 0, 0, 1;
    %store/vec4 v0x140e1d970_0, 0, 1;
    %pushi/vec4 0, 0, 1;
    %store/vec4 v0x140e1da10_0, 0, 1;
    %delay 3, 0;
    %pushi/vec4 0, 0, 1;
    %store/vec4 v0x140e1d970_0, 0, 1;
    %pushi/vec4 1, 0, 1;
    %store/vec4 v0x140e1da10_0, 0, 1;
    %delay 67, 0;
    %pushi/vec4 1, 0, 1;
    %store/vec4 v0x140e1d970_0, 0, 1;
    %pushi/vec4 0, 0, 1;
    %store/vec4 v0x140e1da10_0, 0, 1;
    %delay 1, 0;
    %pushi/vec4 1, 0, 1;
    %store/vec4 v0x140e1d970_0, 0, 1;
    %pushi/vec4 1, 0, 1;
    %store/vec4 v0x140e1da10_0, 0, 1;
    %delay 1, 0;
    %vpi_call 2 22 "$finish" {0 0 0};
    %end;
    .thread T_0;
    .scope S_0x140e085d0;
T_1 ;
    %vpi_call 2 26 "$monitor", "At time = %0t ps, a = %b, b = %b, sum = %b, cout = %b", $time, v0x140e1d970_0, v0x140e1da10_0, v0x140e1db90_0, v0x140e1dac0_0 {0 0 0};
    %end;
    .thread T_1;
# The file index is used to find the file name in the following table.
:file_names 3;
    "N/A";
    "<interactive>";
    "q4.v";
