#! /opt/homebrew/Cellar/icarus-verilog/11.0/bin/vvp
:ivl_version "11.0 (stable)";
:ivl_delay_selection "TYPICAL";
:vpi_time_precision + 0;
:vpi_module "/opt/homebrew/Cellar/icarus-verilog/11.0/lib/ivl/system.vpi";
:vpi_module "/opt/homebrew/Cellar/icarus-verilog/11.0/lib/ivl/vhdl_sys.vpi";
:vpi_module "/opt/homebrew/Cellar/icarus-verilog/11.0/lib/ivl/vhdl_textio.vpi";
:vpi_module "/opt/homebrew/Cellar/icarus-verilog/11.0/lib/ivl/v2005_math.vpi";
:vpi_module "/opt/homebrew/Cellar/icarus-verilog/11.0/lib/ivl/va_math.vpi";
S_0x127105250 .scope module, "lab2_q2a_tb" "lab2_q2a_tb" 2 2;
 .timescale 0 0;
v0x127115920_0 .var "a", 0 0;
v0x1271159c0_0 .var "b", 0 0;
v0x127115a70_0 .net "out", 0 0, L_0x127115c70;  1 drivers
S_0x1271053c0 .scope module, "obj" "lab2_q2a" 2 6, 3 1 0, S_0x127105250;
 .timescale 0 0;
    .port_info 0 /INPUT 1 "a";
    .port_info 1 /INPUT 1 "b";
    .port_info 2 /OUTPUT 1 "out";
L_0x127115b40 .functor OR 1, v0x127115920_0, v0x1271159c0_0, C4<0>, C4<0>;
o0x118008070 .functor BUFZ 1, C4<z>; HiZ drive
L_0x127115c70 .functor NOT 1, o0x118008070, C4<0>, C4<0>, C4<0>;
v0x1271055d0_0 .net "a", 0 0, v0x127115920_0;  1 drivers
v0x127115620_0 .net "b", 0 0, v0x1271159c0_0;  1 drivers
v0x1271156c0_0 .net "g1", 0 0, o0x118008070;  0 drivers
v0x127115770_0 .net "out", 0 0, L_0x127115c70;  alias, 1 drivers
v0x127115810_0 .net "w1", 0 0, L_0x127115b40;  1 drivers
    .scope S_0x127105250;
T_0 ;
    %vpi_call 2 10 "$dumpfile", "lab2_q2a.vcd" {0 0 0};
    %vpi_call 2 11 "$dumpvars", 32'sb00000000000000000000000000000000, S_0x127105250 {0 0 0};
    %end;
    .thread T_0;
    .scope S_0x127105250;
T_1 ;
    %delay 0, 0;
    %pushi/vec4 0, 0, 1;
    %store/vec4 v0x127115920_0, 0, 1;
    %pushi/vec4 0, 0, 1;
    %store/vec4 v0x1271159c0_0, 0, 1;
    %delay 10, 0;
    %pushi/vec4 0, 0, 1;
    %store/vec4 v0x127115920_0, 0, 1;
    %pushi/vec4 1, 0, 1;
    %store/vec4 v0x1271159c0_0, 0, 1;
    %delay 10, 0;
    %pushi/vec4 1, 0, 1;
    %store/vec4 v0x127115920_0, 0, 1;
    %pushi/vec4 0, 0, 1;
    %store/vec4 v0x1271159c0_0, 0, 1;
    %delay 10, 0;
    %pushi/vec4 1, 0, 1;
    %store/vec4 v0x127115920_0, 0, 1;
    %pushi/vec4 1, 0, 1;
    %store/vec4 v0x1271159c0_0, 0, 1;
    %delay 10, 0;
    %vpi_call 2 20 "$finish" {0 0 0};
    %end;
    .thread T_1;
# The file index is used to find the file name in the following table.
:file_names 4;
    "N/A";
    "<interactive>";
    "lab2_q2a_tb.v";
    "./lab2_q2a.v";
