#! /opt/homebrew/Cellar/icarus-verilog/11.0/bin/vvp
:ivl_version "11.0 (stable)";
:ivl_delay_selection "TYPICAL";
:vpi_time_precision + 0;
:vpi_module "/opt/homebrew/Cellar/icarus-verilog/11.0/lib/ivl/system.vpi";
:vpi_module "/opt/homebrew/Cellar/icarus-verilog/11.0/lib/ivl/vhdl_sys.vpi";
:vpi_module "/opt/homebrew/Cellar/icarus-verilog/11.0/lib/ivl/vhdl_textio.vpi";
:vpi_module "/opt/homebrew/Cellar/icarus-verilog/11.0/lib/ivl/v2005_math.vpi";
:vpi_module "/opt/homebrew/Cellar/icarus-verilog/11.0/lib/ivl/va_math.vpi";
S_0x12cf07430 .scope module, "lab2_tb" "lab2_tb" 2 2;
 .timescale 0 0;
v0x12cf1c9b0_0 .var "a", 0 0;
v0x12cf1ca50_0 .var "b", 0 0;
v0x12cf1cb00_0 .net "out", 0 0, L_0x12cf1d120;  1 drivers
S_0x12cf075a0 .scope module, "obj" "lab2" 2 7, 3 1 0, S_0x12cf07430;
 .timescale 0 0;
    .port_info 0 /INPUT 1 "a";
    .port_info 1 /INPUT 1 "b";
    .port_info 2 /OUTPUT 1 "out";
L_0x12cf1cbd0/d .functor NOT 1, v0x12cf1c9b0_0, C4<0>, C4<0>, C4<0>;
L_0x12cf1cbd0 .delay 1 (0,0,0) L_0x12cf1cbd0/d;
L_0x12cf1cce0/d .functor NOT 1, v0x12cf1ca50_0, C4<0>, C4<0>, C4<0>;
L_0x12cf1cce0 .delay 1 (0,0,0) L_0x12cf1cce0/d;
L_0x12cf1ce20/d .functor AND 1, v0x12cf1c9b0_0, L_0x12cf1cce0, C4<1>, C4<1>;
L_0x12cf1ce20 .delay 1 (1,1,1) L_0x12cf1ce20/d;
L_0x12cf1cfa0/d .functor AND 1, L_0x12cf1cbd0, v0x12cf1ca50_0, C4<1>, C4<1>;
L_0x12cf1cfa0 .delay 1 (1,1,1) L_0x12cf1cfa0/d;
L_0x12cf1d120/d .functor OR 1, L_0x12cf1ce20, L_0x12cf1cfa0, C4<0>, C4<0>;
L_0x12cf1d120 .delay 1 (2,2,2) L_0x12cf1d120/d;
v0x12cf05d60_0 .net "a", 0 0, v0x12cf1c9b0_0;  1 drivers
v0x12cf1c570_0 .net "a_bar", 0 0, L_0x12cf1cbd0;  1 drivers
v0x12cf1c610_0 .net "b", 0 0, v0x12cf1ca50_0;  1 drivers
v0x12cf1c6c0_0 .net "b_bar", 0 0, L_0x12cf1cce0;  1 drivers
v0x12cf1c760_0 .net "out", 0 0, L_0x12cf1d120;  alias, 1 drivers
v0x12cf1c840_0 .net "w1", 0 0, L_0x12cf1ce20;  1 drivers
v0x12cf1c8e0_0 .net "w2", 0 0, L_0x12cf1cfa0;  1 drivers
    .scope S_0x12cf07430;
T_0 ;
    %vpi_call 2 11 "$dumpfile", "lab2.vcd" {0 0 0};
    %vpi_call 2 12 "$dumpvars", 32'sb00000000000000000000000000000000, S_0x12cf07430 {0 0 0};
    %end;
    .thread T_0;
    .scope S_0x12cf07430;
T_1 ;
    %delay 0, 0;
    %pushi/vec4 0, 0, 1;
    %store/vec4 v0x12cf1c9b0_0, 0, 1;
    %pushi/vec4 0, 0, 1;
    %store/vec4 v0x12cf1ca50_0, 0, 1;
    %delay 10, 0;
    %pushi/vec4 0, 0, 1;
    %store/vec4 v0x12cf1c9b0_0, 0, 1;
    %pushi/vec4 1, 0, 1;
    %store/vec4 v0x12cf1ca50_0, 0, 1;
    %delay 10, 0;
    %pushi/vec4 1, 0, 1;
    %store/vec4 v0x12cf1c9b0_0, 0, 1;
    %pushi/vec4 0, 0, 1;
    %store/vec4 v0x12cf1ca50_0, 0, 1;
    %delay 10, 0;
    %pushi/vec4 1, 0, 1;
    %store/vec4 v0x12cf1c9b0_0, 0, 1;
    %pushi/vec4 1, 0, 1;
    %store/vec4 v0x12cf1ca50_0, 0, 1;
    %delay 10, 0;
    %vpi_call 2 21 "$finish" {0 0 0};
    %end;
    .thread T_1;
# The file index is used to find the file name in the following table.
:file_names 4;
    "N/A";
    "<interactive>";
    "lab2_tb.v";
    "./lab2.v";
