#! /opt/homebrew/Cellar/icarus-verilog/11.0/bin/vvp
:ivl_version "11.0 (stable)";
:ivl_delay_selection "TYPICAL";
:vpi_time_precision + 0;
:vpi_module "/opt/homebrew/Cellar/icarus-verilog/11.0/lib/ivl/system.vpi";
:vpi_module "/opt/homebrew/Cellar/icarus-verilog/11.0/lib/ivl/vhdl_sys.vpi";
:vpi_module "/opt/homebrew/Cellar/icarus-verilog/11.0/lib/ivl/vhdl_textio.vpi";
:vpi_module "/opt/homebrew/Cellar/icarus-verilog/11.0/lib/ivl/v2005_math.vpi";
:vpi_module "/opt/homebrew/Cellar/icarus-verilog/11.0/lib/ivl/va_math.vpi";
S_0x146608340 .scope module, "Lab6_Lq1_tb" "Lab6_Lq1_tb" 2 8;
 .timescale 0 0;
v0x14661cda0_0 .net "Q", 0 0, L_0x14661cff0;  1 drivers
v0x14661ce30_0 .var "clk", 0 0;
S_0x1466084b0 .scope module, "uwu" "Capacitor" 2 11, 2 1 0, S_0x146608340;
 .timescale 0 0;
    .port_info 0 /INPUT 1 "clk";
    .port_info 1 /OUTPUT 1 "Q";
L_0x14661cee0 .functor NMOS 1, v0x14661cc00_0, v0x14661ce30_0, C4<0>, C4<0>;
v0x14660b180_0 .net "Q", 0 0, L_0x14661cff0;  alias, 1 drivers
o0x148030040 .functor BUFZ 1, C4<z>; HiZ drive
; Elide local net with no drivers, v0x14661cab0_0 name=_ivl_0
v0x14661cb50_0 .net "clk", 0 0, v0x14661ce30_0;  1 drivers
v0x14661cc00_0 .var "state", 0 0;
v0x14661cc90_0 .net8 "w", 0 0, L_0x14661cee0;  1 drivers, strength-aware
E_0x146608c60 .event posedge, v0x14661cb50_0;
L_0x14661cff0 .functor MUXZ 1, o0x148030040, L_0x14661cee0, v0x14661ce30_0, C4<>;
    .scope S_0x1466084b0;
T_0 ;
    %pushi/vec4 0, 0, 1;
    %store/vec4 v0x14661cc00_0, 0, 1;
    %end;
    .thread T_0;
    .scope S_0x1466084b0;
T_1 ;
    %wait E_0x146608c60;
    %load/vec4 v0x14661cc00_0;
    %inv;
    %assign/vec4 v0x14661cc00_0, 0;
    %jmp T_1;
    .thread T_1;
    .scope S_0x146608340;
T_2 ;
    %pushi/vec4 0, 0, 1;
    %store/vec4 v0x14661ce30_0, 0, 1;
T_2.0 ;
    %delay 10, 0;
    %load/vec4 v0x14661ce30_0;
    %inv;
    %store/vec4 v0x14661ce30_0, 0, 1;
    %jmp T_2.0;
    %end;
    .thread T_2;
    .scope S_0x146608340;
T_3 ;
    %vpi_call 2 17 "$monitor", "At time %d, clk = %b, Q = %b", $time, v0x14661ce30_0, v0x14661cda0_0 {0 0 0};
    %delay 100, 0;
    %vpi_call 2 18 "$finish" {0 0 0};
    %end;
    .thread T_3;
    .scope S_0x146608340;
T_4 ;
    %vpi_call 2 21 "$dumpfile", "Lab6_Lq1.vcd" {0 0 0};
    %vpi_call 2 22 "$dumpvars", 32'sb00000000000000000000000000000000, S_0x146608340 {0 0 0};
    %end;
    .thread T_4;
# The file index is used to find the file name in the following table.
:file_names 3;
    "N/A";
    "<interactive>";
    "as2_1.v";
