#! /opt/homebrew/Cellar/icarus-verilog/11.0/bin/vvp
:ivl_version "11.0 (stable)";
:ivl_delay_selection "TYPICAL";
:vpi_time_precision + 0;
:vpi_module "/opt/homebrew/Cellar/icarus-verilog/11.0/lib/ivl/system.vpi";
:vpi_module "/opt/homebrew/Cellar/icarus-verilog/11.0/lib/ivl/vhdl_sys.vpi";
:vpi_module "/opt/homebrew/Cellar/icarus-verilog/11.0/lib/ivl/vhdl_textio.vpi";
:vpi_module "/opt/homebrew/Cellar/icarus-verilog/11.0/lib/ivl/v2005_math.vpi";
:vpi_module "/opt/homebrew/Cellar/icarus-verilog/11.0/lib/ivl/va_math.vpi";
S_0x13d706ff0 .scope module, "Nor_gate_tb" "Nor_gate_tb" 2 9;
 .timescale 0 0;
v0x13d7175d0_0 .var "a", 0 0;
v0x13d717670_0 .var "b", 0 0;
RS_0x140040070 .resolv tri, L_0x13d717a40, L_0x13d717b70, L_0x13d717c50;
v0x13d717720_0 .net8 "f", 0 0, RS_0x140040070;  3 drivers, strength-aware
S_0x13d707160 .scope module, "uwu" "Nor_gate" 2 12, 2 1 0, S_0x13d706ff0;
 .timescale 0 0;
    .port_info 0 /INPUT 1 "a";
    .port_info 1 /INPUT 1 "b";
    .port_info 2 /OUTPUT 1 "f";
L_0x13d717880 .functor BUFT 1, C8<771>, C4<0>, C4<0>, C4<0>;
L_0x13d717910 .functor PMOS 1, L_0x13d717880, v0x13d7175d0_0, C4<0>, C4<0>;
L_0x13d717a40 .functor PMOS 1, L_0x13d717910, v0x13d717670_0, C4<0>, C4<0>;
L_0x13d7177f0 .functor BUFT 1, C8<770>, C4<0>, C4<0>, C4<0>;
L_0x13d717b70 .functor NMOS 1, L_0x13d7177f0, v0x13d7175d0_0, C4<0>, C4<0>;
L_0x13d717c50 .functor NMOS 1, L_0x13d7177f0, v0x13d717670_0, C4<0>, C4<0>;
v0x13d705a00_0 .net "a", 0 0, v0x13d7175d0_0;  1 drivers
v0x13d717230_0 .net "b", 0 0, v0x13d717670_0;  1 drivers
v0x13d7172d0_0 .net8 "f", 0 0, RS_0x140040070;  alias, 3 drivers, strength-aware
v0x13d717380_0 .net8 "gnd", 0 0, L_0x13d7177f0;  1 drivers, strength-aware
v0x13d717420_0 .net8 "vdd", 0 0, L_0x13d717880;  1 drivers, strength-aware
v0x13d717500_0 .net8 "wp", 0 0, L_0x13d717910;  1 drivers, strength-aware
    .scope S_0x13d706ff0;
T_0 ;
    %vpi_call 2 14 "$dumpfile", "Lab6_q1_Nor.vcd" {0 0 0};
    %vpi_call 2 15 "$dumpvars", 32'sb00000000000000000000000000000000, S_0x13d706ff0 {0 0 0};
    %pushi/vec4 0, 0, 2;
    %split/vec4 1;
    %store/vec4 v0x13d717670_0, 0, 1;
    %store/vec4 v0x13d7175d0_0, 0, 1;
    %delay 10, 0;
    %pushi/vec4 1, 0, 2;
    %split/vec4 1;
    %store/vec4 v0x13d717670_0, 0, 1;
    %store/vec4 v0x13d7175d0_0, 0, 1;
    %delay 10, 0;
    %pushi/vec4 2, 0, 2;
    %split/vec4 1;
    %store/vec4 v0x13d717670_0, 0, 1;
    %store/vec4 v0x13d7175d0_0, 0, 1;
    %delay 10, 0;
    %pushi/vec4 3, 0, 2;
    %split/vec4 1;
    %store/vec4 v0x13d717670_0, 0, 1;
    %store/vec4 v0x13d7175d0_0, 0, 1;
    %delay 10, 0;
    %vpi_call 2 20 "$finish" {0 0 0};
    %end;
    .thread T_0;
    .scope S_0x13d706ff0;
T_1 ;
    %vpi_call 2 23 "$monitor", "a = %b, b = %b, f = %b", v0x13d7175d0_0, v0x13d717670_0, v0x13d717720_0 {0 0 0};
    %end;
    .thread T_1;
# The file index is used to find the file name in the following table.
:file_names 3;
    "N/A";
    "<interactive>";
    "q1_nor.v";
