#! /opt/homebrew/Cellar/icarus-verilog/11.0/bin/vvp
:ivl_version "11.0 (stable)";
:ivl_delay_selection "TYPICAL";
:vpi_time_precision + 0;
:vpi_module "/opt/homebrew/Cellar/icarus-verilog/11.0/lib/ivl/system.vpi";
:vpi_module "/opt/homebrew/Cellar/icarus-verilog/11.0/lib/ivl/vhdl_sys.vpi";
:vpi_module "/opt/homebrew/Cellar/icarus-verilog/11.0/lib/ivl/vhdl_textio.vpi";
:vpi_module "/opt/homebrew/Cellar/icarus-verilog/11.0/lib/ivl/v2005_math.vpi";
:vpi_module "/opt/homebrew/Cellar/icarus-verilog/11.0/lib/ivl/va_math.vpi";
S_0x11ff071d0 .scope module, "Nand_gate_tb" "Nand_gate_tb" 2 9;
 .timescale 0 0;
v0x11ff1bb60_0 .var "a", 0 0;
v0x11ff1bc00_0 .var "b", 0 0;
RS_0x110040070 .resolv tri, L_0x11ff1bea0, L_0x11ff1bff0, L_0x11ff1c0a0;
v0x11ff1bcb0_0 .net8 "f", 0 0, RS_0x110040070;  3 drivers, strength-aware
S_0x11ff057b0 .scope module, "uwu" "Nand_gate" 2 12, 2 1 0, S_0x11ff071d0;
 .timescale 0 0;
    .port_info 0 /INPUT 1 "a";
    .port_info 1 /INPUT 1 "b";
    .port_info 2 /OUTPUT 1 "f";
L_0x11ff1be10 .functor BUFT 1, C8<771>, C4<0>, C4<0>, C4<0>;
L_0x11ff1bea0 .functor PMOS 1, L_0x11ff1be10, v0x11ff1bb60_0, C4<0>, C4<0>;
L_0x11ff1bff0 .functor PMOS 1, L_0x11ff1be10, v0x11ff1bc00_0, C4<0>, C4<0>;
L_0x11ff1c0a0 .functor NMOS 1, L_0x11ff1c190, v0x11ff1bb60_0, C4<0>, C4<0>;
L_0x11ff1bd80 .functor BUFT 1, C8<770>, C4<0>, C4<0>, C4<0>;
L_0x11ff1c190 .functor NMOS 1, L_0x11ff1bd80, v0x11ff1bc00_0, C4<0>, C4<0>;
v0x11ff06030_0 .net "a", 0 0, v0x11ff1bb60_0;  1 drivers
v0x11ff1b7c0_0 .net "b", 0 0, v0x11ff1bc00_0;  1 drivers
v0x11ff1b860_0 .net8 "f", 0 0, RS_0x110040070;  alias, 3 drivers, strength-aware
v0x11ff1b910_0 .net8 "gnd", 0 0, L_0x11ff1bd80;  1 drivers, strength-aware
v0x11ff1b9b0_0 .net8 "vdd", 0 0, L_0x11ff1be10;  1 drivers, strength-aware
v0x11ff1ba90_0 .net8 "wn", 0 0, L_0x11ff1c190;  1 drivers, strength-aware
    .scope S_0x11ff071d0;
T_0 ;
    %vpi_call 2 14 "$dumpfile", "Lab6_q1_Nand.vcd" {0 0 0};
    %vpi_call 2 15 "$dumpvars", 32'sb00000000000000000000000000000000, S_0x11ff071d0 {0 0 0};
    %pushi/vec4 0, 0, 2;
    %split/vec4 1;
    %store/vec4 v0x11ff1bc00_0, 0, 1;
    %store/vec4 v0x11ff1bb60_0, 0, 1;
    %delay 10, 0;
    %pushi/vec4 1, 0, 2;
    %split/vec4 1;
    %store/vec4 v0x11ff1bc00_0, 0, 1;
    %store/vec4 v0x11ff1bb60_0, 0, 1;
    %delay 10, 0;
    %pushi/vec4 2, 0, 2;
    %split/vec4 1;
    %store/vec4 v0x11ff1bc00_0, 0, 1;
    %store/vec4 v0x11ff1bb60_0, 0, 1;
    %delay 10, 0;
    %pushi/vec4 3, 0, 2;
    %split/vec4 1;
    %store/vec4 v0x11ff1bc00_0, 0, 1;
    %store/vec4 v0x11ff1bb60_0, 0, 1;
    %delay 10, 0;
    %vpi_call 2 20 "$finish" {0 0 0};
    %end;
    .thread T_0;
    .scope S_0x11ff071d0;
T_1 ;
    %vpi_call 2 23 "$monitor", "a = %b, b = %b, f = %b", v0x11ff1bb60_0, v0x11ff1bc00_0, v0x11ff1bcb0_0 {0 0 0};
    %end;
    .thread T_1;
# The file index is used to find the file name in the following table.
:file_names 3;
    "N/A";
    "<interactive>";
    "q1_nand.v";
