#! /opt/homebrew/Cellar/icarus-verilog/11.0/bin/vvp
:ivl_version "11.0 (stable)";
:ivl_delay_selection "TYPICAL";
:vpi_time_precision + 0;
:vpi_module "/opt/homebrew/Cellar/icarus-verilog/11.0/lib/ivl/system.vpi";
:vpi_module "/opt/homebrew/Cellar/icarus-verilog/11.0/lib/ivl/vhdl_sys.vpi";
:vpi_module "/opt/homebrew/Cellar/icarus-verilog/11.0/lib/ivl/vhdl_textio.vpi";
:vpi_module "/opt/homebrew/Cellar/icarus-verilog/11.0/lib/ivl/v2005_math.vpi";
:vpi_module "/opt/homebrew/Cellar/icarus-verilog/11.0/lib/ivl/va_math.vpi";
S_0x12e706d20 .scope module, "Nand_gate_tb" "Nand_gate_tb" 2 7;
 .timescale 0 0;
v0x12e71b6b0_0 .var "a", 0 0;
v0x12e71b750_0 .var "b", 0 0;
RS_0x130040100 .resolv tri, L_0x12e71ba50, L_0x12e71bb40;
v0x12e71b800_0 .net8 "f", 0 0, RS_0x130040100;  2 drivers, strength-aware
S_0x12e705670 .scope module, "uwu" "Nand_gate" 2 10, 2 1 0, S_0x12e706d20;
 .timescale 0 0;
    .port_info 0 /INPUT 1 "a";
    .port_info 1 /INPUT 1 "b";
    .port_info 2 /OUTPUT 1 "f";
L_0x12e71b8d0 .functor NOT 1, v0x12e71b6b0_0, C4<0>, C4<0>, C4<0>;
L_0x12e71b9a0 .functor NOT 1, v0x12e71b750_0, C4<0>, C4<0>, C4<0>;
L_0x12e71ba50 .functor NMOS 1, L_0x12e71b8d0, v0x12e71b750_0, C4<0>, C4<0>;
L_0x130078010 .functor BUFT 1, C4<1>, C4<0>, C4<0>, C4<0>;
L_0x12e71bb40 .functor NMOS 1, L_0x130078010, L_0x12e71b9a0, C4<0>, C4<0>;
v0x12e705ef0_0 .net/2u *"_ivl_0", 0 0, L_0x130078010;  1 drivers
v0x12e71b310_0 .net "a", 0 0, v0x12e71b6b0_0;  1 drivers
v0x12e71b3b0_0 .net "anot", 0 0, L_0x12e71b8d0;  1 drivers
v0x12e71b460_0 .net "b", 0 0, v0x12e71b750_0;  1 drivers
v0x12e71b500_0 .net "bnot", 0 0, L_0x12e71b9a0;  1 drivers
v0x12e71b5e0_0 .net8 "f", 0 0, RS_0x130040100;  alias, 2 drivers, strength-aware
    .scope S_0x12e706d20;
T_0 ;
    %vpi_call 2 12 "$dumpfile", "Lab6_q2_Nand.vcd" {0 0 0};
    %vpi_call 2 13 "$dumpvars", 32'sb00000000000000000000000000000000, S_0x12e706d20 {0 0 0};
    %pushi/vec4 0, 0, 2;
    %split/vec4 1;
    %store/vec4 v0x12e71b750_0, 0, 1;
    %store/vec4 v0x12e71b6b0_0, 0, 1;
    %delay 10, 0;
    %pushi/vec4 1, 0, 2;
    %split/vec4 1;
    %store/vec4 v0x12e71b750_0, 0, 1;
    %store/vec4 v0x12e71b6b0_0, 0, 1;
    %delay 10, 0;
    %pushi/vec4 2, 0, 2;
    %split/vec4 1;
    %store/vec4 v0x12e71b750_0, 0, 1;
    %store/vec4 v0x12e71b6b0_0, 0, 1;
    %delay 10, 0;
    %pushi/vec4 3, 0, 2;
    %split/vec4 1;
    %store/vec4 v0x12e71b750_0, 0, 1;
    %store/vec4 v0x12e71b6b0_0, 0, 1;
    %delay 10, 0;
    %vpi_call 2 18 "$finish" {0 0 0};
    %end;
    .thread T_0;
    .scope S_0x12e706d20;
T_1 ;
    %vpi_call 2 21 "$monitor", "a = %b, b = %b, f = %b", v0x12e71b6b0_0, v0x12e71b750_0, v0x12e71b800_0 {0 0 0};
    %end;
    .thread T_1;
# The file index is used to find the file name in the following table.
:file_names 3;
    "N/A";
    "<interactive>";
    "q2_nand.v";
