#! /opt/homebrew/Cellar/icarus-verilog/11.0/bin/vvp
:ivl_version "11.0 (stable)";
:ivl_delay_selection "TYPICAL";
:vpi_time_precision + 0;
:vpi_module "/opt/homebrew/Cellar/icarus-verilog/11.0/lib/ivl/system.vpi";
:vpi_module "/opt/homebrew/Cellar/icarus-verilog/11.0/lib/ivl/vhdl_sys.vpi";
:vpi_module "/opt/homebrew/Cellar/icarus-verilog/11.0/lib/ivl/vhdl_textio.vpi";
:vpi_module "/opt/homebrew/Cellar/icarus-verilog/11.0/lib/ivl/v2005_math.vpi";
:vpi_module "/opt/homebrew/Cellar/icarus-verilog/11.0/lib/ivl/va_math.vpi";
S_0x144e064a0 .scope module, "Nor_gate_tb" "Nor_gate_tb" 2 7;
 .timescale 0 0;
v0x144e16c60_0 .var "a", 0 0;
v0x144e16d00_0 .var "b", 0 0;
RS_0x138020100 .resolv tri, L_0x144e17000, L_0x144e17110;
v0x144e16db0_0 .net8 "f", 0 0, RS_0x138020100;  2 drivers, strength-aware
S_0x144e06610 .scope module, "uwu" "Nor_gate" 2 10, 2 1 0, S_0x144e064a0;
 .timescale 0 0;
    .port_info 0 /INPUT 1 "a";
    .port_info 1 /INPUT 1 "b";
    .port_info 2 /OUTPUT 1 "f";
L_0x144e16e80 .functor NOT 1, v0x144e16c60_0, C4<0>, C4<0>, C4<0>;
L_0x144e16f50 .functor NOT 1, v0x144e16d00_0, C4<0>, C4<0>, C4<0>;
L_0x138058010 .functor BUFT 1, C4<0>, C4<0>, C4<0>, C4<0>;
L_0x144e17000 .functor NMOS 1, L_0x138058010, v0x144e16d00_0, C4<0>, C4<0>;
L_0x144e17110 .functor NMOS 1, L_0x144e16e80, L_0x144e16f50, C4<0>, C4<0>;
v0x144e06820_0 .net/2u *"_ivl_0", 0 0, L_0x138058010;  1 drivers
v0x144e168c0_0 .net "a", 0 0, v0x144e16c60_0;  1 drivers
v0x144e16960_0 .net "anot", 0 0, L_0x144e16e80;  1 drivers
v0x144e16a10_0 .net "b", 0 0, v0x144e16d00_0;  1 drivers
v0x144e16ab0_0 .net "bnot", 0 0, L_0x144e16f50;  1 drivers
v0x144e16b90_0 .net8 "f", 0 0, RS_0x138020100;  alias, 2 drivers, strength-aware
    .scope S_0x144e064a0;
T_0 ;
    %vpi_call 2 12 "$dumpfile", "Lab6_q2_nor.vcd" {0 0 0};
    %vpi_call 2 13 "$dumpvars", 32'sb00000000000000000000000000000000, S_0x144e064a0 {0 0 0};
    %pushi/vec4 0, 0, 2;
    %split/vec4 1;
    %store/vec4 v0x144e16d00_0, 0, 1;
    %store/vec4 v0x144e16c60_0, 0, 1;
    %delay 10, 0;
    %pushi/vec4 1, 0, 2;
    %split/vec4 1;
    %store/vec4 v0x144e16d00_0, 0, 1;
    %store/vec4 v0x144e16c60_0, 0, 1;
    %delay 10, 0;
    %pushi/vec4 2, 0, 2;
    %split/vec4 1;
    %store/vec4 v0x144e16d00_0, 0, 1;
    %store/vec4 v0x144e16c60_0, 0, 1;
    %delay 10, 0;
    %pushi/vec4 3, 0, 2;
    %split/vec4 1;
    %store/vec4 v0x144e16d00_0, 0, 1;
    %store/vec4 v0x144e16c60_0, 0, 1;
    %delay 10, 0;
    %vpi_call 2 18 "$finish" {0 0 0};
    %end;
    .thread T_0;
    .scope S_0x144e064a0;
T_1 ;
    %vpi_call 2 21 "$monitor", "a = %b, b = %b, f = %b", v0x144e16c60_0, v0x144e16d00_0, v0x144e16db0_0 {0 0 0};
    %end;
    .thread T_1;
# The file index is used to find the file name in the following table.
:file_names 3;
    "N/A";
    "<interactive>";
    "q2_nor.v";
