#! /opt/homebrew/Cellar/icarus-verilog/11.0/bin/vvp
:ivl_version "11.0 (stable)";
:ivl_delay_selection "TYPICAL";
:vpi_time_precision + 0;
:vpi_module "/opt/homebrew/Cellar/icarus-verilog/11.0/lib/ivl/system.vpi";
:vpi_module "/opt/homebrew/Cellar/icarus-verilog/11.0/lib/ivl/vhdl_sys.vpi";
:vpi_module "/opt/homebrew/Cellar/icarus-verilog/11.0/lib/ivl/vhdl_textio.vpi";
:vpi_module "/opt/homebrew/Cellar/icarus-verilog/11.0/lib/ivl/v2005_math.vpi";
:vpi_module "/opt/homebrew/Cellar/icarus-verilog/11.0/lib/ivl/va_math.vpi";
S_0x126804080 .scope module, "Xnor_gate_tb" "Xnor_gate_tb" 2 7;
 .timescale 0 0;
v0x1268147f0_0 .var "a", 0 0;
v0x126814890_0 .var "b", 0 0;
RS_0x1180080d0 .resolv tri, L_0x126814b90, L_0x126814c40;
v0x126814940_0 .net8 "f", 0 0, RS_0x1180080d0;  2 drivers, strength-aware
S_0x126804200 .scope module, "uwu" "Xnor_gate" 2 11, 2 1 0, S_0x126804080;
 .timescale 0 0;
    .port_info 0 /INPUT 1 "a";
    .port_info 1 /INPUT 1 "b";
    .port_info 2 /OUTPUT 1 "f";
L_0x126814a10 .functor NOT 1, v0x1268147f0_0, C4<0>, C4<0>, C4<0>;
L_0x126814ae0 .functor NOT 1, v0x126814890_0, C4<0>, C4<0>, C4<0>;
L_0x126814b90 .functor NMOS 1, v0x1268147f0_0, v0x126814890_0, C4<0>, C4<0>;
L_0x126814c40 .functor NMOS 1, L_0x126814a10, L_0x126814ae0, C4<0>, C4<0>;
v0x126804440_0 .net "a", 0 0, v0x1268147f0_0;  1 drivers
v0x1268144f0_0 .net "anot", 0 0, L_0x126814a10;  1 drivers
v0x126814590_0 .net "b", 0 0, v0x126814890_0;  1 drivers
v0x126814640_0 .net "bnot", 0 0, L_0x126814ae0;  1 drivers
v0x1268146e0_0 .net8 "f", 0 0, RS_0x1180080d0;  alias, 2 drivers, strength-aware
    .scope S_0x126804080;
T_0 ;
    %vpi_call 2 13 "$dumpfile", "Lab6_q2_Xnor.vcd" {0 0 0};
    %vpi_call 2 14 "$dumpvars", 32'sb00000000000000000000000000000000, S_0x126804080 {0 0 0};
    %pushi/vec4 0, 0, 2;
    %split/vec4 1;
    %store/vec4 v0x126814890_0, 0, 1;
    %store/vec4 v0x1268147f0_0, 0, 1;
    %delay 10, 0;
    %pushi/vec4 1, 0, 2;
    %split/vec4 1;
    %store/vec4 v0x126814890_0, 0, 1;
    %store/vec4 v0x1268147f0_0, 0, 1;
    %delay 10, 0;
    %pushi/vec4 2, 0, 2;
    %split/vec4 1;
    %store/vec4 v0x126814890_0, 0, 1;
    %store/vec4 v0x1268147f0_0, 0, 1;
    %delay 10, 0;
    %pushi/vec4 3, 0, 2;
    %split/vec4 1;
    %store/vec4 v0x126814890_0, 0, 1;
    %store/vec4 v0x1268147f0_0, 0, 1;
    %delay 10, 0;
    %vpi_call 2 19 "$finish" {0 0 0};
    %end;
    .thread T_0;
    .scope S_0x126804080;
T_1 ;
    %vpi_call 2 22 "$monitor", "a = %b, b = %b, f = %b", v0x1268147f0_0, v0x126814890_0, v0x126814940_0 {0 0 0};
    %end;
    .thread T_1;
# The file index is used to find the file name in the following table.
:file_names 3;
    "N/A";
    "<interactive>";
    "q2_xnor.v";
