#! /opt/homebrew/Cellar/icarus-verilog/11.0/bin/vvp
:ivl_version "11.0 (stable)";
:ivl_delay_selection "TYPICAL";
:vpi_time_precision + 0;
:vpi_module "/opt/homebrew/Cellar/icarus-verilog/11.0/lib/ivl/system.vpi";
:vpi_module "/opt/homebrew/Cellar/icarus-verilog/11.0/lib/ivl/vhdl_sys.vpi";
:vpi_module "/opt/homebrew/Cellar/icarus-verilog/11.0/lib/ivl/vhdl_textio.vpi";
:vpi_module "/opt/homebrew/Cellar/icarus-verilog/11.0/lib/ivl/v2005_math.vpi";
:vpi_module "/opt/homebrew/Cellar/icarus-verilog/11.0/lib/ivl/va_math.vpi";
S_0x15a006d60 .scope module, "Xor_gate_tb" "Xor_gate_tb" 2 7;
 .timescale 0 0;
v0x15a01b440_0 .var "a", 0 0;
v0x15a01b4e0_0 .var "b", 0 0;
RS_0x1600400d0 .resolv tri, L_0x15a01b7e0, L_0x15a01b8d0;
v0x15a01b590_0 .net8 "f", 0 0, RS_0x1600400d0;  2 drivers, strength-aware
S_0x15a005670 .scope module, "uwu" "Xor_gate" 2 11, 2 1 0, S_0x15a006d60;
 .timescale 0 0;
    .port_info 0 /INPUT 1 "a";
    .port_info 1 /INPUT 1 "b";
    .port_info 2 /OUTPUT 1 "f";
L_0x15a01b660 .functor NOT 1, v0x15a01b440_0, C4<0>, C4<0>, C4<0>;
L_0x15a01b730 .functor NOT 1, v0x15a01b4e0_0, C4<0>, C4<0>, C4<0>;
L_0x15a01b7e0 .functor NMOS 1, L_0x15a01b660, v0x15a01b4e0_0, C4<0>, C4<0>;
L_0x15a01b8d0 .functor NMOS 1, v0x15a01b440_0, L_0x15a01b730, C4<0>, C4<0>;
v0x15a005ef0_0 .net "a", 0 0, v0x15a01b440_0;  1 drivers
v0x15a01b140_0 .net "anot", 0 0, L_0x15a01b660;  1 drivers
v0x15a01b1e0_0 .net "b", 0 0, v0x15a01b4e0_0;  1 drivers
v0x15a01b290_0 .net "bnot", 0 0, L_0x15a01b730;  1 drivers
v0x15a01b330_0 .net8 "f", 0 0, RS_0x1600400d0;  alias, 2 drivers, strength-aware
    .scope S_0x15a006d60;
T_0 ;
    %vpi_call 2 12 "$dumpfile", "Lab6_q2_Xor.vcd" {0 0 0};
    %vpi_call 2 13 "$dumpvars", 32'sb00000000000000000000000000000000, S_0x15a006d60 {0 0 0};
    %pushi/vec4 0, 0, 2;
    %split/vec4 1;
    %store/vec4 v0x15a01b4e0_0, 0, 1;
    %store/vec4 v0x15a01b440_0, 0, 1;
    %delay 10, 0;
    %pushi/vec4 1, 0, 2;
    %split/vec4 1;
    %store/vec4 v0x15a01b4e0_0, 0, 1;
    %store/vec4 v0x15a01b440_0, 0, 1;
    %delay 10, 0;
    %pushi/vec4 2, 0, 2;
    %split/vec4 1;
    %store/vec4 v0x15a01b4e0_0, 0, 1;
    %store/vec4 v0x15a01b440_0, 0, 1;
    %delay 10, 0;
    %pushi/vec4 3, 0, 2;
    %split/vec4 1;
    %store/vec4 v0x15a01b4e0_0, 0, 1;
    %store/vec4 v0x15a01b440_0, 0, 1;
    %delay 10, 0;
    %vpi_call 2 18 "$finish" {0 0 0};
    %end;
    .thread T_0;
    .scope S_0x15a006d60;
T_1 ;
    %vpi_call 2 21 "$monitor", "a = %b, b = %b, f = %b", v0x15a01b440_0, v0x15a01b4e0_0, v0x15a01b590_0 {0 0 0};
    %end;
    .thread T_1;
# The file index is used to find the file name in the following table.
:file_names 3;
    "N/A";
    "<interactive>";
    "q2_xor.v";
