#! /opt/homebrew/Cellar/icarus-verilog/11.0/bin/vvp
:ivl_version "11.0 (stable)";
:ivl_delay_selection "TYPICAL";
:vpi_time_precision + 0;
:vpi_module "/opt/homebrew/Cellar/icarus-verilog/11.0/lib/ivl/system.vpi";
:vpi_module "/opt/homebrew/Cellar/icarus-verilog/11.0/lib/ivl/vhdl_sys.vpi";
:vpi_module "/opt/homebrew/Cellar/icarus-verilog/11.0/lib/ivl/vhdl_textio.vpi";
:vpi_module "/opt/homebrew/Cellar/icarus-verilog/11.0/lib/ivl/v2005_math.vpi";
:vpi_module "/opt/homebrew/Cellar/icarus-verilog/11.0/lib/ivl/va_math.vpi";
S_0x1500063e0 .scope module, "mux4to1_tb" "mux4to1_tb" 2 15;
 .timescale 0 0;
v0x1500249d0_0 .var "i0", 0 0;
v0x150024a60_0 .var "i1", 0 0;
v0x150024b30_0 .var "i2", 0 0;
v0x150024c00_0 .var "i3", 0 0;
RS_0x138030340 .resolv tri, L_0x150025450, L_0x150025580;
v0x150024cd0_0 .net8 "out", 0 0, RS_0x138030340;  2 drivers, strength-aware
v0x150024de0_0 .var "s0", 0 0;
v0x150024e70_0 .var "s1", 0 0;
S_0x150004d70 .scope module, "u1" "mux4to1" 2 18, 2 9 0, S_0x1500063e0;
 .timescale 0 0;
    .port_info 0 /OUTPUT 1 "out";
    .port_info 1 /INPUT 1 "s0";
    .port_info 2 /INPUT 1 "s1";
    .port_info 3 /INPUT 1 "i0";
    .port_info 4 /INPUT 1 "i1";
    .port_info 5 /INPUT 1 "i2";
    .port_info 6 /INPUT 1 "i3";
v0x1500242b0_0 .net "i0", 0 0, v0x1500249d0_0;  1 drivers
v0x150024350_0 .net "i1", 0 0, v0x150024a60_0;  1 drivers
v0x150024400_0 .net "i2", 0 0, v0x150024b30_0;  1 drivers
v0x1500244d0_0 .net "i3", 0 0, v0x150024c00_0;  1 drivers
v0x150024580_0 .net8 "out", 0 0, RS_0x138030340;  alias, 2 drivers, strength-aware
RS_0x138030070 .resolv tri, L_0x150025030, L_0x1500250a0;
v0x150024650_0 .net8 "out0", 0 0, RS_0x138030070;  2 drivers, strength-aware
RS_0x138030220 .resolv tri, L_0x150025200, L_0x150025370;
v0x150024720_0 .net8 "out1", 0 0, RS_0x138030220;  2 drivers, strength-aware
v0x1500247f0_0 .net "s0", 0 0, v0x150024de0_0;  1 drivers
v0x1500248c0_0 .net "s1", 0 0, v0x150024e70_0;  1 drivers
S_0x150004ee0 .scope module, "u1" "mux2to1" 2 12, 2 1 0, S_0x150004d70;
 .timescale 0 0;
    .port_info 0 /OUTPUT 1 "out";
    .port_info 1 /INPUT 1 "s";
    .port_info 2 /INPUT 1 "i0";
    .port_info 3 /INPUT 1 "i1";
L_0x150024f40 .functor NOT 1, v0x150024de0_0, C4<0>, C4<0>, C4<0>;
L_0x150025030 .functor CMOS 1, v0x1500249d0_0, L_0x150024f40, v0x150024de0_0, C4<0>;
L_0x1500250a0 .functor CMOS 1, v0x150024a60_0, v0x150024de0_0, L_0x150024f40, C4<0>;
v0x150008110_0 .net "i0", 0 0, v0x1500249d0_0;  alias, 1 drivers
v0x1500233d0_0 .net "i1", 0 0, v0x150024a60_0;  alias, 1 drivers
v0x150023470_0 .net8 "out", 0 0, RS_0x138030070;  alias, 2 drivers, strength-aware
v0x150023520_0 .net "s", 0 0, v0x150024de0_0;  alias, 1 drivers
v0x1500235c0_0 .net "sbar", 0 0, L_0x150024f40;  1 drivers
S_0x1500236e0 .scope module, "u2" "mux2to1" 2 13, 2 1 0, S_0x150004d70;
 .timescale 0 0;
    .port_info 0 /OUTPUT 1 "out";
    .port_info 1 /INPUT 1 "s";
    .port_info 2 /INPUT 1 "i0";
    .port_info 3 /INPUT 1 "i1";
L_0x150025190 .functor NOT 1, v0x150024de0_0, C4<0>, C4<0>, C4<0>;
L_0x150025200 .functor CMOS 1, v0x150024b30_0, L_0x150025190, v0x150024de0_0, C4<0>;
L_0x150025370 .functor CMOS 1, v0x150024c00_0, v0x150024de0_0, L_0x150025190, C4<0>;
v0x150023910_0 .net "i0", 0 0, v0x150024b30_0;  alias, 1 drivers
v0x1500239b0_0 .net "i1", 0 0, v0x150024c00_0;  alias, 1 drivers
v0x150023a50_0 .net8 "out", 0 0, RS_0x138030220;  alias, 2 drivers, strength-aware
v0x150023b00_0 .net "s", 0 0, v0x150024de0_0;  alias, 1 drivers
v0x150023bb0_0 .net "sbar", 0 0, L_0x150025190;  1 drivers
S_0x150023cc0 .scope module, "u3" "mux2to1" 2 13, 2 1 0, S_0x150004d70;
 .timescale 0 0;
    .port_info 0 /OUTPUT 1 "out";
    .port_info 1 /INPUT 1 "s";
    .port_info 2 /INPUT 1 "i0";
    .port_info 3 /INPUT 1 "i1";
L_0x1500253e0 .functor NOT 1, v0x150024e70_0, C4<0>, C4<0>, C4<0>;
L_0x150025450 .functor CMOS 1, RS_0x138030070, L_0x1500253e0, v0x150024e70_0, C4<0>;
L_0x150025580 .functor CMOS 1, RS_0x138030220, v0x150024e70_0, L_0x1500253e0, C4<0>;
v0x150023f00_0 .net8 "i0", 0 0, RS_0x138030070;  alias, 2 drivers, strength-aware
v0x150023fb0_0 .net8 "i1", 0 0, RS_0x138030220;  alias, 2 drivers, strength-aware
v0x150024060_0 .net8 "out", 0 0, RS_0x138030340;  alias, 2 drivers, strength-aware
v0x150024110_0 .net "s", 0 0, v0x150024e70_0;  alias, 1 drivers
v0x1500241a0_0 .net "sbar", 0 0, L_0x1500253e0;  1 drivers
    .scope S_0x1500063e0;
T_0 ;
    %vpi_call 2 20 "$dumpfile", "Lab6_q3_2.vcd" {0 0 0};
    %vpi_call 2 21 "$dumpvars", 32'sb00000000000000000000000000000000, S_0x1500063e0 {0 0 0};
    %pushi/vec4 0, 0, 1;
    %store/vec4 v0x150024de0_0, 0, 1;
    %pushi/vec4 0, 0, 1;
    %store/vec4 v0x150024e70_0, 0, 1;
    %pushi/vec4 0, 0, 1;
    %store/vec4 v0x1500249d0_0, 0, 1;
    %pushi/vec4 0, 0, 1;
    %store/vec4 v0x150024a60_0, 0, 1;
    %pushi/vec4 0, 0, 1;
    %store/vec4 v0x150024b30_0, 0, 1;
    %pushi/vec4 0, 0, 1;
    %store/vec4 v0x150024c00_0, 0, 1;
    %delay 10, 0;
    %pushi/vec4 0, 0, 1;
    %store/vec4 v0x150024de0_0, 0, 1;
    %pushi/vec4 0, 0, 1;
    %store/vec4 v0x150024e70_0, 0, 1;
    %pushi/vec4 1, 0, 1;
    %store/vec4 v0x1500249d0_0, 0, 1;
    %pushi/vec4 0, 0, 1;
    %store/vec4 v0x150024a60_0, 0, 1;
    %pushi/vec4 0, 0, 1;
    %store/vec4 v0x150024b30_0, 0, 1;
    %pushi/vec4 0, 0, 1;
    %store/vec4 v0x150024c00_0, 0, 1;
    %delay 10, 0;
    %pushi/vec4 1, 0, 1;
    %store/vec4 v0x150024de0_0, 0, 1;
    %pushi/vec4 0, 0, 1;
    %store/vec4 v0x150024e70_0, 0, 1;
    %pushi/vec4 0, 0, 1;
    %store/vec4 v0x1500249d0_0, 0, 1;
    %pushi/vec4 1, 0, 1;
    %store/vec4 v0x150024a60_0, 0, 1;
    %pushi/vec4 0, 0, 1;
    %store/vec4 v0x150024b30_0, 0, 1;
    %pushi/vec4 0, 0, 1;
    %store/vec4 v0x150024c00_0, 0, 1;
    %delay 10, 0;
    %pushi/vec4 0, 0, 1;
    %store/vec4 v0x150024de0_0, 0, 1;
    %pushi/vec4 1, 0, 1;
    %store/vec4 v0x150024e70_0, 0, 1;
    %pushi/vec4 0, 0, 1;
    %store/vec4 v0x1500249d0_0, 0, 1;
    %pushi/vec4 0, 0, 1;
    %store/vec4 v0x150024a60_0, 0, 1;
    %pushi/vec4 1, 0, 1;
    %store/vec4 v0x150024b30_0, 0, 1;
    %pushi/vec4 0, 0, 1;
    %store/vec4 v0x150024c00_0, 0, 1;
    %delay 10, 0;
    %pushi/vec4 1, 0, 1;
    %store/vec4 v0x150024de0_0, 0, 1;
    %pushi/vec4 1, 0, 1;
    %store/vec4 v0x150024e70_0, 0, 1;
    %pushi/vec4 0, 0, 1;
    %store/vec4 v0x1500249d0_0, 0, 1;
    %pushi/vec4 0, 0, 1;
    %store/vec4 v0x150024a60_0, 0, 1;
    %pushi/vec4 0, 0, 1;
    %store/vec4 v0x150024b30_0, 0, 1;
    %pushi/vec4 1, 0, 1;
    %store/vec4 v0x150024c00_0, 0, 1;
    %delay 10, 0;
    %vpi_call 2 24 "$finish" {0 0 0};
    %end;
    .thread T_0;
    .scope S_0x1500063e0;
T_1 ;
    %vpi_call 2 27 "$monitor", "s0 = %b, s1 = %b, i0 = %b, i1 = %b, i2 = %b, i3 = %b, out = %b", v0x150024de0_0, v0x150024e70_0, v0x1500249d0_0, v0x150024a60_0, v0x150024b30_0, v0x150024c00_0, v0x150024cd0_0 {0 0 0};
    %end;
    .thread T_1;
# The file index is used to find the file name in the following table.
:file_names 3;
    "N/A";
    "<interactive>";
    "q3_b.v";
