#! /opt/homebrew/Cellar/icarus-verilog/11.0/bin/vvp
:ivl_version "11.0 (stable)";
:ivl_delay_selection "TYPICAL";
:vpi_time_precision + 0;
:vpi_module "/opt/homebrew/Cellar/icarus-verilog/11.0/lib/ivl/system.vpi";
:vpi_module "/opt/homebrew/Cellar/icarus-verilog/11.0/lib/ivl/vhdl_sys.vpi";
:vpi_module "/opt/homebrew/Cellar/icarus-verilog/11.0/lib/ivl/vhdl_textio.vpi";
:vpi_module "/opt/homebrew/Cellar/icarus-verilog/11.0/lib/ivl/v2005_math.vpi";
:vpi_module "/opt/homebrew/Cellar/icarus-verilog/11.0/lib/ivl/va_math.vpi";
S_0x11e606e30 .scope module, "Lab6_q4_tb" "Lab6_q4_tb" 2 7;
 .timescale 0 0;
v0x11e61ed60_0 .var "Data", 0 0;
RS_0x110030040 .resolv tri, L_0x11e61f030, L_0x11e61f2a0;
v0x11e61ee00_0 .net8 "Q", 0 0, RS_0x110030040;  2 drivers, strength-aware
v0x11e61eeb0_0 .var "Read", 0 0;
v0x11e61ef80_0 .var "Write", 0 0;
S_0x11e608510 .scope module, "uwu" "SRAM_Cell" 2 10, 2 1 0, S_0x11e606e30;
 .timescale 0 0;
    .port_info 0 /INPUT 1 "Write";
    .port_info 1 /INPUT 1 "Read";
    .port_info 2 /INPUT 1 "Data";
    .port_info 3 /OUTPUT 1 "Q";
L_0x11e61f030 .functor NMOS 1, v0x11e61ed60_0, v0x11e61ef80_0, C4<0>, C4<0>;
L_0x11e61f180 .functor NMOS 1, L_0x11e61f1f0, v0x11e61ef80_0, C4<0>, C4<0>;
L_0x11e61f1f0 .functor NOT 1, v0x11e61ed60_0, C4<0>, C4<0>, C4<0>;
RS_0x110030160 .resolv tri, L_0x11e61f180, L_0x11e61f490;
L_0x11e61f2a0 .functor PMOS 1, RS_0x110030160, L_0x11e61f370, C4<0>, C4<0>;
L_0x11e61f370 .functor NOT 1, v0x11e61eeb0_0, C4<0>, C4<0>, C4<0>;
L_0x11e61f490 .functor PMOS 1, RS_0x110030040, L_0x11e61f580, C4<0>, C4<0>;
L_0x11e61f580 .functor NOT 1, v0x11e61eeb0_0, C4<0>, C4<0>, C4<0>;
v0x11e608680_0 .net "Data", 0 0, v0x11e61ed60_0;  1 drivers
v0x11e61e880_0 .net8 "Q", 0 0, RS_0x110030040;  alias, 2 drivers, strength-aware
v0x11e61e920_0 .net "Read", 0 0, v0x11e61eeb0_0;  1 drivers
v0x11e61e9b0_0 .net "Write", 0 0, v0x11e61ef80_0;  1 drivers
v0x11e61ea40_0 .net *"_ivl_0", 0 0, L_0x11e61f1f0;  1 drivers
v0x11e61eb20_0 .net *"_ivl_2", 0 0, L_0x11e61f370;  1 drivers
v0x11e61ebd0_0 .net *"_ivl_4", 0 0, L_0x11e61f580;  1 drivers
v0x11e61ec80_0 .net8 "nQ", 0 0, RS_0x110030160;  2 drivers, strength-aware
    .scope S_0x11e606e30;
T_0 ;
    %vpi_call 2 12 "$dumpfile", "Lab6_q4.vcd" {0 0 0};
    %vpi_call 2 13 "$dumpvars", 32'sb00000000000000000000000000000000, S_0x11e606e30 {0 0 0};
    %pushi/vec4 0, 0, 1;
    %store/vec4 v0x11e61ef80_0, 0, 1;
    %pushi/vec4 0, 0, 1;
    %store/vec4 v0x11e61eeb0_0, 0, 1;
    %pushi/vec4 0, 0, 1;
    %store/vec4 v0x11e61ed60_0, 0, 1;
    %delay 10, 0;
    %pushi/vec4 1, 0, 1;
    %store/vec4 v0x11e61ef80_0, 0, 1;
    %pushi/vec4 1, 0, 1;
    %store/vec4 v0x11e61ed60_0, 0, 1;
    %delay 10, 0;
    %pushi/vec4 0, 0, 1;
    %store/vec4 v0x11e61ef80_0, 0, 1;
    %pushi/vec4 1, 0, 1;
    %store/vec4 v0x11e61eeb0_0, 0, 1;
    %delay 10, 0;
    %pushi/vec4 0, 0, 1;
    %store/vec4 v0x11e61eeb0_0, 0, 1;
    %delay 10, 0;
    %pushi/vec4 1, 0, 1;
    %store/vec4 v0x11e61ef80_0, 0, 1;
    %pushi/vec4 0, 0, 1;
    %store/vec4 v0x11e61ed60_0, 0, 1;
    %delay 10, 0;
    %pushi/vec4 0, 0, 1;
    %store/vec4 v0x11e61ef80_0, 0, 1;
    %pushi/vec4 1, 0, 1;
    %store/vec4 v0x11e61eeb0_0, 0, 1;
    %delay 10, 0;
    %vpi_call 2 20 "$finish" {0 0 0};
    %end;
    .thread T_0;
    .scope S_0x11e606e30;
T_1 ;
    %vpi_call 2 23 "$monitor", "At time %d, Write = %b, Read = %b, Data = %b, Q = %b", $time, v0x11e61ef80_0, v0x11e61eeb0_0, v0x11e61ed60_0, v0x11e61ee00_0 {0 0 0};
    %end;
    .thread T_1;
# The file index is used to find the file name in the following table.
:file_names 3;
    "N/A";
    "<interactive>";
    "q4_a.v";
